This is pdfTeX, Version 3.141592653-2.6-1.40.22 (TeX Live 2021) (preloaded format=pdflatex 2022.3.29)  24 AUG 2023 22:11
entering extended mode
 restricted \write18 enabled.
 file:line:error style messages enabled.
 %&-line parsing enabled.
**/Users/vitalimostowoj/Desktop/BA_VM/template.tex
(/Users/vitalimostowoj/Desktop/BA_VM/template.tex
LaTeX2e <2020-10-01> patch level 4
L3 programming layer <2021-02-18> (/usr/local/texlive/2021/texmf-dist/tex/latex/koma-script/scrreprt.cls
Document Class: scrreprt 2021/03/17 v3.33 KOMA-Script document class (report)
(/usr/local/texlive/2021/texmf-dist/tex/latex/koma-script/scrkbase.sty
Package: scrkbase 2021/03/17 v3.33 KOMA-Script package (KOMA-Script-dependent basics and keyval usage)
 (/usr/local/texlive/2021/texmf-dist/tex/latex/koma-script/scrbase.sty
Package: scrbase 2021/03/17 v3.33 KOMA-Script package (KOMA-Script-independent basics and keyval usage)
 (/usr/local/texlive/2021/texmf-dist/tex/latex/koma-script/scrlfile.sty
Package: scrlfile 2021/03/17 v3.33 KOMA-Script package (file load hooks)
 (/usr/local/texlive/2021/texmf-dist/tex/latex/koma-script/scrlfile-hook.sty
Package: scrlfile-hook 2021/03/17 v3.33 KOMA-Script package (using LaTeX hooks)

LaTeX3 Info: Defining command \BeforeFile with sig. 'm' on line 61.


LaTeX3 Info: Defining command \AfterFile with sig. 'm' on line 65.


LaTeX3 Info: Defining command \BeforeClass with sig. 'm' on line 69.


LaTeX3 Info: Defining command \BeforePackage with sig. 'm' on line 73.


LaTeX3 Info: Defining command \AfterAtEndOfClass with sig. 'smo+m' on line 83.


LaTeX3 Info: Defining command \AfterAtEndOfPackage with sig. 'smo+m' on line
(LaTeX3)     93.


LaTeX3 Info: Defining command \scrlfile@AfterClass with sig. 'smo+m' on line
(LaTeX3)     173.


LaTeX3 Info: Defining command \AfterClass with sig. '' on line 174.


LaTeX3 Info: Defining command \scrlfile@AfterPackage with sig. 'smo+m' on line
(LaTeX3)     191.


LaTeX3 Info: Defining command \AfterPackage with sig. '' on line 192.


LaTeX3 Info: Defining command \ReplaceInput with sig. '' on line 193.


LaTeX3 Info: Defining command \ReplaceClass with sig. 'mm' on line 196.


LaTeX3 Info: Defining command \ReplacePackage with sig. 'mm' on line 199.


LaTeX3 Info: Defining command \UnReplaceInput with sig. '' on line 200.


LaTeX3 Info: Defining command \UnReplaceClass with sig. 'm' on line 203.


LaTeX3 Info: Defining command \UnReplacePackage with sig. 'mm' on line 206.


LaTeX3 Info: Defining command \PreventPackageFromLoading with sig. 's+om' on
(LaTeX3)     line 234.


LaTeX3 Info: Defining command \StorePreventPackageFromLoading with sig. 'm' on
(LaTeX3)     line 242.


LaTeX3 Info: Defining command \ResetPreventPackageFromLoading with sig. '' on
(LaTeX3)     line 247.


LaTeX3 Info: Defining command \UnPreventPackageFromLoading with sig. 'sm' on
(LaTeX3)     line 261.


LaTeX3 Info: Defining command \BeforeClosingMainAux with sig. 'om' on line
(LaTeX3)     274.


LaTeX3 Info: Defining command \AfterReadingMainAux with sig. 'om' on line 287.


LaTeX3 Info: Defining command \protected@immediate@write with sig. 'm+m+m' on
(LaTeX3)     line 298.

 (/usr/local/texlive/2021/texmf-dist/tex/latex/koma-script/scrlogo.sty
Package: scrlogo 2021/03/17 v3.33 KOMA-Script package (logo)
))) (/usr/local/texlive/2021/texmf-dist/tex/latex/graphics/keyval.sty
Package: keyval 2014/10/28 v1.15 key=value parser (DPC)
\KV@toks@=\toks15
)
Skipping: [2021/05/01] Usage of raw option list on input line 252.
Applying: [0000/00/00] compatibility for LaTeX before 2021/05/01 on input line 337.
)) (/usr/local/texlive/2021/texmf-dist/tex/latex/koma-script/tocbasic.sty
Package: tocbasic 2021/03/17 v3.33 KOMA-Script package (handling toc-files)
\scr@dte@tocline@numberwidth=\skip47
\scr@dte@tocline@numbox=\box47
)
Package tocbasic Info: babel extension for `toc' omitted
(tocbasic)             because of missing \bbl@set@language on input line 137.
Package scrreprt Info: You've used standard option `12pt'.
(scrreprt)             This is correct!
(scrreprt)             Internally I'm using `fontsize=12pt'.
(scrreprt)             If you'd like to set the option with \KOMAoptions,
(scrreprt)             you'd have to use `fontsize=12pt' there
(scrreprt)             instead of `12pt', too.
Class scrreprt Info: File `scrsize12pt.clo' used to setup font sizes on input line 2451.
 (/usr/local/texlive/2021/texmf-dist/tex/latex/koma-script/scrsize12pt.clo
File: scrsize12pt.clo 2021/03/17 v3.33 KOMA-Script font size class option (12pt)
) (/usr/local/texlive/2021/texmf-dist/tex/latex/koma-script/typearea.sty
Package: typearea 2021/03/17 v3.33 KOMA-Script package (type area)
\ta@bcor=\skip48
\ta@div=\count179
Package typearea Info: You've used standard option `a4paper'.
(typearea)             This is correct!
(typearea)             Internally I'm using `paper=a4'.
(typearea)             If you'd like to set the option with \KOMAoptions,
(typearea)             you'd have to use `paper=a4' there
(typearea)             instead of `a4paper', too.
\ta@hblk=\skip49
\ta@vblk=\skip50
\ta@temp=\skip51
\footheight=\skip52
Package typearea Info: These are the values describing the layout:
(typearea)             DIV  = 12
(typearea)             BCOR = 0.0pt
(typearea)             \paperwidth      = 597.50793pt
(typearea)              \textwidth      = 448.13095pt
(typearea)              DIV departure   = -6%
(typearea)              \evensidemargin = 2.4185pt
(typearea)              \oddsidemargin  = 2.4185pt
(typearea)             \paperheight     = 845.04694pt
(typearea)              \textheight     = 635.5pt
(typearea)              \topmargin      = -41.72441pt
(typearea)              \headheight     = 18.125pt
(typearea)              \headsep        = 21.75pt
(typearea)              \topskip        = 12.0pt
(typearea)              \footskip       = 50.75pt
(typearea)              \baselineskip   = 14.5pt
(typearea)              on input line 1741.
)
\c@part=\count180
\c@chapter=\count181
\c@section=\count182
\c@subsection=\count183
\c@subsubsection=\count184
\c@paragraph=\count185
\c@subparagraph=\count186
\scr@dte@chapter@maxnumwidth=\skip53
Class scrreprt Info: using compatibility default `afterindent=bysign'
(scrreprt)           for `\chapter on input line 5678.
\scr@dte@section@maxnumwidth=\skip54
Class scrreprt Info: using compatibility default `runin=bysign'
(scrreprt)           for `\section on input line 5689.
Class scrreprt Info: using compatibility default `afterindent=bysign'
(scrreprt)           for `\section on input line 5689.
\scr@dte@part@maxnumwidth=\skip55
Class scrreprt Info: using compatibility default `afterindent=true'
(scrreprt)           for `\part on input line 5698.
\scr@dte@subsection@maxnumwidth=\skip56
Class scrreprt Info: using compatibility default `runin=bysign'
(scrreprt)           for `\subsection on input line 5708.
Class scrreprt Info: using compatibility default `afterindent=bysign'
(scrreprt)           for `\subsection on input line 5708.
\scr@dte@subsubsection@maxnumwidth=\skip57
Class scrreprt Info: using compatibility default `runin=bysign'
(scrreprt)           for `\subsubsection on input line 5718.
Class scrreprt Info: using compatibility default `afterindent=bysign'
(scrreprt)           for `\subsubsection on input line 5718.
\scr@dte@paragraph@maxnumwidth=\skip58
Class scrreprt Info: using compatibility default `runin=bysign'
(scrreprt)           for `\paragraph on input line 5729.
Class scrreprt Info: using compatibility default `afterindent=bysign'
(scrreprt)           for `\paragraph on input line 5729.
\scr@dte@subparagraph@maxnumwidth=\skip59
Class scrreprt Info: using compatibility default `runin=bysign'
(scrreprt)           for `\subparagraph on input line 5739.
Class scrreprt Info: using compatibility default `afterindent=bysign'
(scrreprt)           for `\subparagraph on input line 5739.
\abovecaptionskip=\skip60
\belowcaptionskip=\skip61
\c@pti@nb@sid@b@x=\box48
Package tocbasic Info: babel extension for `lof' omitted
(tocbasic)             because of missing \bbl@set@language on input line 6976.
\scr@dte@figure@maxnumwidth=\skip62
\c@figure=\count187
Package tocbasic Info: babel extension for `lot' omitted
(tocbasic)             because of missing \bbl@set@language on input line 6993.
\scr@dte@table@maxnumwidth=\skip63
\c@table=\count188
Class scrreprt Info: Redefining `\numberline' on input line 7162.
\bibindent=\dimen138
) (./config/parameter.tex) (./config/packages.tex (/usr/local/texlive/2021/texmf-dist/tex/latex/geometry/geometry.sty
Package: geometry 2020/01/02 v5.9 Page Geometry
 (/usr/local/texlive/2021/texmf-dist/tex/generic/iftex/ifvtex.sty
Package: ifvtex 2019/10/25 v1.7 ifvtex legacy package. Use iftex instead.
 (/usr/local/texlive/2021/texmf-dist/tex/generic/iftex/iftex.sty
Package: iftex 2020/03/06 v1.0d TeX engine tests
))
\Gm@cnth=\count189
\Gm@cntv=\count190
\c@Gm@tempcnt=\count191
\Gm@bindingoffset=\dimen139
\Gm@wd@mp=\dimen140
\Gm@odd@mp=\dimen141
\Gm@even@mp=\dimen142
\Gm@layoutwidth=\dimen143
\Gm@layoutheight=\dimen144
\Gm@layouthoffset=\dimen145
\Gm@layoutvoffset=\dimen146
\Gm@dimlist=\toks16
) (/usr/local/texlive/2021/texmf-dist/tex/latex/setspace/setspace.sty
Package: setspace 2011/12/19 v6.7a set line spacing
) (/usr/local/texlive/2021/texmf-dist/tex/latex/base/fontenc.sty
Package: fontenc 2020/08/10 v2.0s Standard LaTeX package
) (/usr/local/texlive/2021/texmf-dist/tex/latex/koma-script/scrlayer-scrpage.sty
Package: scrlayer-scrpage 2021/03/17 v3.33 KOMA-Script package (end user interface for scrlayer)
 (/usr/local/texlive/2021/texmf-dist/tex/latex/koma-script/scrlayer.sty
Package: scrlayer 2021/03/17 v3.33 KOMA-Script package (defining layers and page styles)
Package scrlayer Info: Using already defined \footheight
(scrlayer)             hoping, that this is a length and
(scrlayer)             not only a macro on input line 136.
Package scrlayer Info: patching LaTeX kernel macro \pagestyle on input line 2162.
)
Package scrlayer-scrpage Info: Makeing stand-alone element `pagehead' from
(scrlayer-scrpage)             alias to `pageheadfoot' on input line 1085.
Package scrlayer-scrpage Info: deactivating warning for font element
(scrlayer-scrpage)             `pagefoot' on input line 1109.
)
Package scrlayer-scrpage Info: auto-selection of `pagestyleset=KOMA-Script'.
 (/usr/local/texlive/2021/texmf-dist/tex/latex/todonotes/todonotes.sty
Package: todonotes 2020/08/18 v1.1.3 Todonotes source and documentation.
Package: todonotes 2018/11/22
 (/usr/local/texlive/2021/texmf-dist/tex/latex/base/ifthen.sty
Package: ifthen 2014/09/29 v1.1c Standard LaTeX ifthen package (DPC)
) (/usr/local/texlive/2021/texmf-dist/tex/latex/xkeyval/xkeyval.sty
Package: xkeyval 2020/11/20 v2.8 package option processing (HA)
 (/usr/local/texlive/2021/texmf-dist/tex/generic/xkeyval/xkeyval.tex (/usr/local/texlive/2021/texmf-dist/tex/generic/xkeyval/xkvutils.tex
\XKV@toks=\toks17
\XKV@tempa@toks=\toks18
)
\XKV@depth=\count192
File: xkeyval.tex 2014/12/03 v2.7a key=value parser (HA)
)) (/usr/local/texlive/2021/texmf-dist/tex/latex/xcolor/xcolor.sty
Package: xcolor 2016/05/11 v2.12 LaTeX color extensions (UK)
 (/usr/local/texlive/2021/texmf-dist/tex/latex/graphics-cfg/color.cfg
File: color.cfg 2016/01/02 v1.6 sample color configuration
)
Package xcolor Info: Driver file: pdftex.def on input line 225.
 (/usr/local/texlive/2021/texmf-dist/tex/latex/graphics-def/pdftex.def
File: pdftex.def 2020/10/05 v1.2a Graphics/color driver for pdftex
)
Package xcolor Info: Model `cmy' substituted by `cmy0' on input line 1348.
Package xcolor Info: Model `hsb' substituted by `rgb' on input line 1352.
Package xcolor Info: Model `RGB' extended on input line 1364.
Package xcolor Info: Model `HTML' substituted by `rgb' on input line 1366.
Package xcolor Info: Model `Hsb' substituted by `hsb' on input line 1367.
Package xcolor Info: Model `tHsb' substituted by `hsb' on input line 1368.
Package xcolor Info: Model `HSB' substituted by `hsb' on input line 1369.
Package xcolor Info: Model `Gray' substituted by `gray' on input line 1370.
Package xcolor Info: Model `wave' substituted by `hsb' on input line 1371.
) (/usr/local/texlive/2021/texmf-dist/tex/latex/pgf/frontendlayer/tikz.sty (/usr/local/texlive/2021/texmf-dist/tex/latex/pgf/basiclayer/pgf.sty (/usr/local/texlive/2021/texmf-dist/tex/latex/pgf/utilities/pgfrcs.sty (/usr/local/texlive/2021/texmf-dist/tex/generic/pgf/utilities/pgfutil-common.tex
\pgfutil@everybye=\toks19
\pgfutil@tempdima=\dimen147
\pgfutil@tempdimb=\dimen148
 (/usr/local/texlive/2021/texmf-dist/tex/generic/pgf/utilities/pgfutil-common-lists.tex)) (/usr/local/texlive/2021/texmf-dist/tex/generic/pgf/utilities/pgfutil-latex.def
\pgfutil@abb=\box49
) (/usr/local/texlive/2021/texmf-dist/tex/generic/pgf/utilities/pgfrcs.code.tex (/usr/local/texlive/2021/texmf-dist/tex/generic/pgf/pgf.revision.tex)
Package: pgfrcs 2020/12/27 v3.1.8b (3.1.8b)
))
Package: pgf 2020/12/27 v3.1.8b (3.1.8b)
 (/usr/local/texlive/2021/texmf-dist/tex/latex/pgf/basiclayer/pgfcore.sty (/usr/local/texlive/2021/texmf-dist/tex/latex/graphics/graphicx.sty
Package: graphicx 2020/09/09 v1.2b Enhanced LaTeX Graphics (DPC,SPQR)
 (/usr/local/texlive/2021/texmf-dist/tex/latex/graphics/graphics.sty
Package: graphics 2020/08/30 v1.4c Standard LaTeX Graphics (DPC,SPQR)
 (/usr/local/texlive/2021/texmf-dist/tex/latex/graphics/trig.sty
Package: trig 2016/01/03 v1.10 sin cos tan (DPC)
) (/usr/local/texlive/2021/texmf-dist/tex/latex/graphics-cfg/graphics.cfg
File: graphics.cfg 2016/06/04 v1.11 sample graphics configuration
)
Package graphics Info: Driver file: pdftex.def on input line 105.
)
\Gin@req@height=\dimen149
\Gin@req@width=\dimen150
) (/usr/local/texlive/2021/texmf-dist/tex/latex/pgf/systemlayer/pgfsys.sty (/usr/local/texlive/2021/texmf-dist/tex/generic/pgf/systemlayer/pgfsys.code.tex
Package: pgfsys 2020/12/27 v3.1.8b (3.1.8b)
 (/usr/local/texlive/2021/texmf-dist/tex/generic/pgf/utilities/pgfkeys.code.tex
\pgfkeys@pathtoks=\toks20
\pgfkeys@temptoks=\toks21
 (/usr/local/texlive/2021/texmf-dist/tex/generic/pgf/utilities/pgfkeysfiltered.code.tex
\pgfkeys@tmptoks=\toks22
))
\pgf@x=\dimen151
\pgf@y=\dimen152
\pgf@xa=\dimen153
\pgf@ya=\dimen154
\pgf@xb=\dimen155
\pgf@yb=\dimen156
\pgf@xc=\dimen157
\pgf@yc=\dimen158
\pgf@xd=\dimen159
\pgf@yd=\dimen160
\w@pgf@writea=\write3
\r@pgf@reada=\read2
\c@pgf@counta=\count193
\c@pgf@countb=\count194
\c@pgf@countc=\count195
\c@pgf@countd=\count196
\t@pgf@toka=\toks23
\t@pgf@tokb=\toks24
\t@pgf@tokc=\toks25
\pgf@sys@id@count=\count197
 (/usr/local/texlive/2021/texmf-dist/tex/generic/pgf/systemlayer/pgf.cfg
File: pgf.cfg 2020/12/27 v3.1.8b (3.1.8b)
)
Driver file for pgf: pgfsys-pdftex.def
 (/usr/local/texlive/2021/texmf-dist/tex/generic/pgf/systemlayer/pgfsys-pdftex.def
File: pgfsys-pdftex.def 2020/12/27 v3.1.8b (3.1.8b)
 (/usr/local/texlive/2021/texmf-dist/tex/generic/pgf/systemlayer/pgfsys-common-pdf.def
File: pgfsys-common-pdf.def 2020/12/27 v3.1.8b (3.1.8b)
))) (/usr/local/texlive/2021/texmf-dist/tex/generic/pgf/systemlayer/pgfsyssoftpath.code.tex
File: pgfsyssoftpath.code.tex 2020/12/27 v3.1.8b (3.1.8b)
\pgfsyssoftpath@smallbuffer@items=\count198
\pgfsyssoftpath@bigbuffer@items=\count199
) (/usr/local/texlive/2021/texmf-dist/tex/generic/pgf/systemlayer/pgfsysprotocol.code.tex
File: pgfsysprotocol.code.tex 2020/12/27 v3.1.8b (3.1.8b)
)) (/usr/local/texlive/2021/texmf-dist/tex/generic/pgf/basiclayer/pgfcore.code.tex
Package: pgfcore 2020/12/27 v3.1.8b (3.1.8b)
 (/usr/local/texlive/2021/texmf-dist/tex/generic/pgf/math/pgfmath.code.tex (/usr/local/texlive/2021/texmf-dist/tex/generic/pgf/math/pgfmathcalc.code.tex (/usr/local/texlive/2021/texmf-dist/tex/generic/pgf/math/pgfmathutil.code.tex) (/usr/local/texlive/2021/texmf-dist/tex/generic/pgf/math/pgfmathparser.code.tex
\pgfmath@dimen=\dimen161
\pgfmath@count=\count266
\pgfmath@box=\box50
\pgfmath@toks=\toks26
\pgfmath@stack@operand=\toks27
\pgfmath@stack@operation=\toks28
) (/usr/local/texlive/2021/texmf-dist/tex/generic/pgf/math/pgfmathfunctions.code.tex (/usr/local/texlive/2021/texmf-dist/tex/generic/pgf/math/pgfmathfunctions.basic.code.tex) (/usr/local/texlive/2021/texmf-dist/tex/generic/pgf/math/pgfmathfunctions.trigonometric.code.tex) (/usr/local/texlive/2021/texmf-dist/tex/generic/pgf/math/pgfmathfunctions.random.code.tex) (/usr/local/texlive/2021/texmf-dist/tex/generic/pgf/math/pgfmathfunctions.comparison.code.tex) (/usr/local/texlive/2021/texmf-dist/tex/generic/pgf/math/pgfmathfunctions.base.code.tex) (/usr/local/texlive/2021/texmf-dist/tex/generic/pgf/math/pgfmathfunctions.round.code.tex) (/usr/local/texlive/2021/texmf-dist/tex/generic/pgf/math/pgfmathfunctions.misc.code.tex) (/usr/local/texlive/2021/texmf-dist/tex/generic/pgf/math/pgfmathfunctions.integerarithmetics.code.tex))) (/usr/local/texlive/2021/texmf-dist/tex/generic/pgf/math/pgfmathfloat.code.tex
\c@pgfmathroundto@lastzeros=\count267
)) (/usr/local/texlive/2021/texmf-dist/tex/generic/pgf/math/pgfint.code.tex) (/usr/local/texlive/2021/texmf-dist/tex/generic/pgf/basiclayer/pgfcorepoints.code.tex
File: pgfcorepoints.code.tex 2020/12/27 v3.1.8b (3.1.8b)
\pgf@picminx=\dimen162
\pgf@picmaxx=\dimen163
\pgf@picminy=\dimen164
\pgf@picmaxy=\dimen165
\pgf@pathminx=\dimen166
\pgf@pathmaxx=\dimen167
\pgf@pathminy=\dimen168
\pgf@pathmaxy=\dimen169
\pgf@xx=\dimen170
\pgf@xy=\dimen171
\pgf@yx=\dimen172
\pgf@yy=\dimen173
\pgf@zx=\dimen174
\pgf@zy=\dimen175
) (/usr/local/texlive/2021/texmf-dist/tex/generic/pgf/basiclayer/pgfcorepathconstruct.code.tex
File: pgfcorepathconstruct.code.tex 2020/12/27 v3.1.8b (3.1.8b)
\pgf@path@lastx=\dimen176
\pgf@path@lasty=\dimen177
) (/usr/local/texlive/2021/texmf-dist/tex/generic/pgf/basiclayer/pgfcorepathusage.code.tex
File: pgfcorepathusage.code.tex 2020/12/27 v3.1.8b (3.1.8b)
\pgf@shorten@end@additional=\dimen178
\pgf@shorten@start@additional=\dimen179
) (/usr/local/texlive/2021/texmf-dist/tex/generic/pgf/basiclayer/pgfcorescopes.code.tex
File: pgfcorescopes.code.tex 2020/12/27 v3.1.8b (3.1.8b)
\pgfpic=\box51
\pgf@hbox=\box52
\pgf@layerbox@main=\box53
\pgf@picture@serial@count=\count268
) (/usr/local/texlive/2021/texmf-dist/tex/generic/pgf/basiclayer/pgfcoregraphicstate.code.tex
File: pgfcoregraphicstate.code.tex 2020/12/27 v3.1.8b (3.1.8b)
\pgflinewidth=\dimen180
) (/usr/local/texlive/2021/texmf-dist/tex/generic/pgf/basiclayer/pgfcoretransformations.code.tex
File: pgfcoretransformations.code.tex 2020/12/27 v3.1.8b (3.1.8b)
\pgf@pt@x=\dimen181
\pgf@pt@y=\dimen182
\pgf@pt@temp=\dimen183
) (/usr/local/texlive/2021/texmf-dist/tex/generic/pgf/basiclayer/pgfcorequick.code.tex
File: pgfcorequick.code.tex 2020/12/27 v3.1.8b (3.1.8b)
) (/usr/local/texlive/2021/texmf-dist/tex/generic/pgf/basiclayer/pgfcoreobjects.code.tex
File: pgfcoreobjects.code.tex 2020/12/27 v3.1.8b (3.1.8b)
) (/usr/local/texlive/2021/texmf-dist/tex/generic/pgf/basiclayer/pgfcorepathprocessing.code.tex
File: pgfcorepathprocessing.code.tex 2020/12/27 v3.1.8b (3.1.8b)
) (/usr/local/texlive/2021/texmf-dist/tex/generic/pgf/basiclayer/pgfcorearrows.code.tex
File: pgfcorearrows.code.tex 2020/12/27 v3.1.8b (3.1.8b)
\pgfarrowsep=\dimen184
) (/usr/local/texlive/2021/texmf-dist/tex/generic/pgf/basiclayer/pgfcoreshade.code.tex
File: pgfcoreshade.code.tex 2020/12/27 v3.1.8b (3.1.8b)
\pgf@max=\dimen185
\pgf@sys@shading@range@num=\count269
\pgf@shadingcount=\count270
) (/usr/local/texlive/2021/texmf-dist/tex/generic/pgf/basiclayer/pgfcoreimage.code.tex
File: pgfcoreimage.code.tex 2020/12/27 v3.1.8b (3.1.8b)
 (/usr/local/texlive/2021/texmf-dist/tex/generic/pgf/basiclayer/pgfcoreexternal.code.tex
File: pgfcoreexternal.code.tex 2020/12/27 v3.1.8b (3.1.8b)
\pgfexternal@startupbox=\box54
)) (/usr/local/texlive/2021/texmf-dist/tex/generic/pgf/basiclayer/pgfcorelayers.code.tex
File: pgfcorelayers.code.tex 2020/12/27 v3.1.8b (3.1.8b)
) (/usr/local/texlive/2021/texmf-dist/tex/generic/pgf/basiclayer/pgfcoretransparency.code.tex
File: pgfcoretransparency.code.tex 2020/12/27 v3.1.8b (3.1.8b)
) (/usr/local/texlive/2021/texmf-dist/tex/generic/pgf/basiclayer/pgfcorepatterns.code.tex
File: pgfcorepatterns.code.tex 2020/12/27 v3.1.8b (3.1.8b)
) (/usr/local/texlive/2021/texmf-dist/tex/generic/pgf/basiclayer/pgfcorerdf.code.tex
File: pgfcorerdf.code.tex 2020/12/27 v3.1.8b (3.1.8b)
))) (/usr/local/texlive/2021/texmf-dist/tex/generic/pgf/modules/pgfmoduleshapes.code.tex
File: pgfmoduleshapes.code.tex 2020/12/27 v3.1.8b (3.1.8b)
\pgfnodeparttextbox=\box55
) (/usr/local/texlive/2021/texmf-dist/tex/generic/pgf/modules/pgfmoduleplot.code.tex
File: pgfmoduleplot.code.tex 2020/12/27 v3.1.8b (3.1.8b)
) (/usr/local/texlive/2021/texmf-dist/tex/latex/pgf/compatibility/pgfcomp-version-0-65.sty
Package: pgfcomp-version-0-65 2020/12/27 v3.1.8b (3.1.8b)
\pgf@nodesepstart=\dimen186
\pgf@nodesepend=\dimen187
) (/usr/local/texlive/2021/texmf-dist/tex/latex/pgf/compatibility/pgfcomp-version-1-18.sty
Package: pgfcomp-version-1-18 2020/12/27 v3.1.8b (3.1.8b)
)) (/usr/local/texlive/2021/texmf-dist/tex/latex/pgf/utilities/pgffor.sty (/usr/local/texlive/2021/texmf-dist/tex/latex/pgf/utilities/pgfkeys.sty (/usr/local/texlive/2021/texmf-dist/tex/generic/pgf/utilities/pgfkeys.code.tex)) (/usr/local/texlive/2021/texmf-dist/tex/latex/pgf/math/pgfmath.sty (/usr/local/texlive/2021/texmf-dist/tex/generic/pgf/math/pgfmath.code.tex)) (/usr/local/texlive/2021/texmf-dist/tex/generic/pgf/utilities/pgffor.code.tex
Package: pgffor 2020/12/27 v3.1.8b (3.1.8b)
 (/usr/local/texlive/2021/texmf-dist/tex/generic/pgf/math/pgfmath.code.tex)
\pgffor@iter=\dimen188
\pgffor@skip=\dimen189
\pgffor@stack=\toks29
\pgffor@toks=\toks30
)) (/usr/local/texlive/2021/texmf-dist/tex/generic/pgf/frontendlayer/tikz/tikz.code.tex
Package: tikz 2020/12/27 v3.1.8b (3.1.8b)
 (/usr/local/texlive/2021/texmf-dist/tex/generic/pgf/libraries/pgflibraryplothandlers.code.tex
File: pgflibraryplothandlers.code.tex 2020/12/27 v3.1.8b (3.1.8b)
\pgf@plot@mark@count=\count271
\pgfplotmarksize=\dimen190
)
\tikz@lastx=\dimen191
\tikz@lasty=\dimen192
\tikz@lastxsaved=\dimen193
\tikz@lastysaved=\dimen194
\tikz@lastmovetox=\dimen195
\tikz@lastmovetoy=\dimen196
\tikzleveldistance=\dimen197
\tikzsiblingdistance=\dimen198
\tikz@figbox=\box56
\tikz@figbox@bg=\box57
\tikz@tempbox=\box58
\tikz@tempbox@bg=\box59
\tikztreelevel=\count272
\tikznumberofchildren=\count273
\tikznumberofcurrentchild=\count274
\tikz@fig@count=\count275
 (/usr/local/texlive/2021/texmf-dist/tex/generic/pgf/modules/pgfmodulematrix.code.tex
File: pgfmodulematrix.code.tex 2020/12/27 v3.1.8b (3.1.8b)
\pgfmatrixcurrentrow=\count276
\pgfmatrixcurrentcolumn=\count277
\pgf@matrix@numberofcolumns=\count278
)
\tikz@expandcount=\count279
 (/usr/local/texlive/2021/texmf-dist/tex/generic/pgf/frontendlayer/tikz/libraries/tikzlibrarytopaths.code.tex
File: tikzlibrarytopaths.code.tex 2020/12/27 v3.1.8b (3.1.8b)
))) (/usr/local/texlive/2021/texmf-dist/tex/generic/pgf/frontendlayer/tikz/libraries/tikzlibrarypositioning.code.tex
File: tikzlibrarypositioning.code.tex 2020/12/27 v3.1.8b (3.1.8b)
) (/usr/local/texlive/2021/texmf-dist/tex/generic/pgf/frontendlayer/tikz/libraries/tikzlibraryshadows.code.tex
File: tikzlibraryshadows.code.tex 2020/12/27 v3.1.8b (3.1.8b)
 (/usr/local/texlive/2021/texmf-dist/tex/generic/pgf/frontendlayer/tikz/libraries/tikzlibraryfadings.code.tex
File: tikzlibraryfadings.code.tex 2020/12/27 v3.1.8b (3.1.8b)
 (/usr/local/texlive/2021/texmf-dist/tex/generic/pgf/libraries/pgflibraryfadings.code.tex
File: pgflibraryfadings.code.tex 2020/12/27 v3.1.8b (3.1.8b)
))) (/usr/local/texlive/2021/texmf-dist/tex/latex/tools/calc.sty
Package: calc 2017/05/25 v4.3 Infix arithmetic (KKT,FJ)
\calc@Acount=\count280
\calc@Bcount=\count281
\calc@Adimen=\dimen199
\calc@Bdimen=\dimen256
\calc@Askip=\skip64
\calc@Bskip=\skip65
LaTeX Info: Redefining \setlength on input line 80.
LaTeX Info: Redefining \addtolength on input line 81.
\calc@Ccount=\count282
\calc@Cskip=\skip66
)
\c@@todonotes@numberoftodonotes=\count283
) (/usr/local/texlive/2021/texmf-dist/tex/latex/koma-script/scrhack.sty
Package: scrhack 2021/03/17 v3.33 KOMA-Script package (hacking other packages)
 (/usr/local/texlive/2021/texmf-dist/tex/latex/xpatch/xpatch.sty (/usr/local/texlive/2021/texmf-dist/tex/latex/l3kernel/expl3.sty
Package: expl3 2021-02-18 L3 programming layer (loader) 
 (/usr/local/texlive/2021/texmf-dist/tex/latex/l3backend/l3backend-pdftex.def
File: l3backend-pdftex.def 2021-03-18 L3 backend support: PDF output (pdfTeX)
\l__color_backend_stack_int=\count284
\l__pdf_internal_box=\box60
))
Package: xpatch 2020/03/25 v0.3a Extending etoolbox patching commands
 (/usr/local/texlive/2021/texmf-dist/tex/latex/l3packages/xparse/xparse.sty (/usr/local/texlive/2021/texmf-dist/tex/latex/l3packages/xparse/xparse-2020-10-01.sty (/usr/local/texlive/2021/texmf-dist/tex/latex/l3packages/xparse/xparse-generic.tex))) (/usr/local/texlive/2021/texmf-dist/tex/latex/etoolbox/etoolbox.sty
Package: etoolbox 2020/10/05 v2.5k e-TeX tools for LaTeX (JAW)
\etb@tempcnta=\count285
))
Package scrhack Info: loading setspace hack on input line 197.
 (/usr/local/texlive/2021/texmf-dist/tex/latex/koma-script/setspace.hak
File: setspace.hak 2021/03/17 v3.33 KOMA-Script scrhack part (hacking package setspace)
)) (/usr/local/texlive/2021/texmf-dist/tex/latex/caption/subcaption.sty
Package: subcaption 2020/10/07 v1.3j Sub-captions (AR)
 (/usr/local/texlive/2021/texmf-dist/tex/latex/caption/caption.sty
Package: caption 2020/10/26 v3.5g Customizing captions (AR)
 (/usr/local/texlive/2021/texmf-dist/tex/latex/caption/caption3.sty
Package: caption3 2020/10/21 v2.2e caption3 kernel (AR)
\captionmargin=\dimen257
\captionmargin@=\dimen258
\captionwidth=\dimen259
\caption@tempdima=\dimen260
\caption@indent=\dimen261
\caption@parindent=\dimen262
\caption@hangindent=\dimen263
Package caption Info: KOMA-Script document class detected.
 (/usr/local/texlive/2021/texmf-dist/tex/latex/caption/caption-koma.sto
File: caption-koma.sto 2020/09/21 v2.0b Adaption of the caption package to the KOMA-Script document classes (AR)
))
\c@caption@flags=\count286
\c@continuedfloat=\count287
)
\c@subfigure=\count288
\c@subtable=\count289
) (/usr/local/texlive/2021/texmf-dist/tex/lualatex/plantuml/plantuml.sty
Package: plantuml 2020/05/19 v0.3.1 Embed PlantUML diagrams in latex documents.
 (/usr/local/texlive/2021/texmf-dist/tex/generic/pdftexcmds/pdftexcmds.sty
Package: pdftexcmds 2020-06-27 v0.33 Utility functions of pdfTeX for LuaTeX (HO)
 (/usr/local/texlive/2021/texmf-dist/tex/generic/infwarerr/infwarerr.sty
Package: infwarerr 2019/12/03 v1.5 Providing info/warning/error messages (HO)
) (/usr/local/texlive/2021/texmf-dist/tex/generic/ltxcmds/ltxcmds.sty
Package: ltxcmds 2020-05-10 v1.25 LaTeX kernel commands for general use (HO)
)
Package pdftexcmds Info: \pdf@primitive is available.
Package pdftexcmds Info: \pdf@ifprimitive is available.
Package pdftexcmds Info: \pdfdraftmode found.
) (/usr/local/texlive/2021/texmf-dist/tex/latex/fancyvrb/fancyvrb.sty
Package: fancyvrb 2021/01/20 v3.7 verbatim text (tvz,hv)
\FV@CodeLineNo=\count290
\FV@InFile=\read3
\FV@TabBox=\box61
\c@FancyVerbLine=\count291
\FV@StepNumber=\count292
\FV@OutFile=\write4
) (/usr/local/texlive/2021/texmf-dist/tex/latex/l3packages/l3keys2e/l3keys2e.sty
Package: l3keys2e 2021-03-12 LaTeX2e option processing using LaTeX3 keys
) (/usr/local/texlive/2021/texmf-dist/tex/latex/adjustbox/adjustbox.sty
Package: adjustbox 2020/08/19 v1.3 Adjusting TeX boxes (trim, clip, ...)
 (/usr/local/texlive/2021/texmf-dist/tex/latex/adjustbox/adjcalc.sty
Package: adjcalc 2012/05/16 v1.1 Provides advanced setlength with multiple back-ends (calc, etex, pgfmath)
) (/usr/local/texlive/2021/texmf-dist/tex/latex/adjustbox/trimclip.sty
Package: trimclip 2020/08/19 v1.2 Trim and clip general TeX material
 (/usr/local/texlive/2021/texmf-dist/tex/latex/collectbox/collectbox.sty
Package: collectbox 2012/05/17 v0.4b Collect macro arguments as boxes
\collectedbox=\box62
)
\tc@llx=\dimen264
\tc@lly=\dimen265
\tc@urx=\dimen266
\tc@ury=\dimen267
Package trimclip Info: Using driver 'tc-pdftex.def'.
 (/usr/local/texlive/2021/texmf-dist/tex/latex/adjustbox/tc-pdftex.def
File: tc-pdftex.def 2019/01/04 v2.2 Clipping driver for pdftex
))
\adjbox@Width=\dimen268
\adjbox@Height=\dimen269
\adjbox@Depth=\dimen270
\adjbox@Totalheight=\dimen271
\adjbox@pwidth=\dimen272
\adjbox@pheight=\dimen273
\adjbox@pdepth=\dimen274
\adjbox@ptotalheight=\dimen275
 (/usr/local/texlive/2021/texmf-dist/tex/latex/ifoddpage/ifoddpage.sty
Package: ifoddpage 2016/04/23 v1.1 Conditionals for odd/even page detection
\c@checkoddpage=\count293
) (/usr/local/texlive/2021/texmf-dist/tex/latex/varwidth/varwidth.sty
Package: varwidth 2009/03/30 ver 0.92;  Variable-width minipages
\@vwid@box=\box63
\sift@deathcycles=\count294
\@vwid@loff=\dimen276
\@vwid@roff=\dimen277
))
\c@PlantUmlFigureNumber=\count295

(/usr/local/texlive/2021/texmf-dist/tex/latex/pythontex/pythontex.sty
Package: pythontex 2019/09/22 v0.17 execute and typeset Python code and other languages
 (/usr/local/texlive/2021/texmf-dist/tex/latex/fvextra/fvextra.sty
Package: fvextra 2019/02/04 v1.4 fvextra - extensions and patches for fancyvrb
 (/usr/local/texlive/2021/texmf-dist/tex/latex/upquote/upquote.sty
Package: upquote 2012/04/19 v1.3 upright-quote and grave-accent glyphs in verbatim
 (/usr/local/texlive/2021/texmf-dist/tex/latex/base/textcomp.sty
Package: textcomp 2020/02/02 v2.0n Standard LaTeX package
)) (/usr/local/texlive/2021/texmf-dist/tex/latex/lineno/lineno.sty
Package: lineno 2005/11/02 line numbers on paragraphs v4.41
\linenopenalty=\count296
\output=\toks31
\linenoprevgraf=\count297
\linenumbersep=\dimen278
\linenumberwidth=\dimen279
\c@linenumber=\count298
\c@pagewiselinenumber=\count299
\c@LN@truepage=\count300
\c@internallinenumber=\count301
\c@internallinenumbers=\count302
\quotelinenumbersep=\dimen280
\bframerule=\dimen281
\bframesep=\dimen282
\bframebox=\box64
LaTeX Info: Redefining \\ on input line 3056.
)
\c@FV@TrueTabGroupLevel=\count303
\c@FV@TrueTabCounter=\count304
\FV@TabBox@Group=\box65
\FV@TmpLength=\skip67
\c@FV@HighlightLinesStart=\count305
\c@FV@HighlightLinesStop=\count306
\FV@LoopCount=\count307
\FV@NCharsBox=\box66
\FV@BreakIndent=\dimen283
\FV@BreakIndentNChars=\count308
\FV@BreakSymbolSepLeft=\dimen284
\FV@BreakSymbolSepLeftNChars=\count309
\FV@BreakSymbolSepRight=\dimen285
\FV@BreakSymbolSepRightNChars=\count310
\FV@BreakSymbolIndentLeft=\dimen286
\FV@BreakSymbolIndentLeftNChars=\count311
\FV@BreakSymbolIndentRight=\dimen287
\FV@BreakSymbolIndentRightNChars=\count312
\c@FancyVerbLineBreakLast=\count313
\FV@LineBox=\box67
\FV@LineIndentBox=\box68
\FV@LineWidth=\dimen288
) (/usr/local/texlive/2021/texmf-dist/tex/generic/xstring/xstring.sty (/usr/local/texlive/2021/texmf-dist/tex/generic/xstring/xstring.tex
\integerpart=\count314
\decimalpart=\count315
)
Package: xstring 2019/02/06 v1.83 String manipulations (CT)
) (/usr/local/texlive/2021/texmf-dist/tex/latex/pgfopts/pgfopts.sty
Package: pgfopts 2014/07/10 v2.1a LaTeX package options with pgfkeys
\pgfopts@list@add@a@toks=\toks32
\pgfopts@list@add@b@toks=\toks33
) (/usr/local/texlive/2021/texmf-dist/tex/latex/newfloat/newfloat.sty
Package: newfloat 2019/09/02 v1.1l Defining new floating environments (AR)
) (/usr/local/texlive/2021/texmf-dist/tex/latex/currfile/currfile.sty
Package: currfile 2020/09/29 v0.7d Provides the file path elements of the current input file
 (/usr/local/texlive/2021/texmf-dist/tex/latex/kvoptions/kvoptions.sty
Package: kvoptions 2020-10-07 v3.14 Key value format for package options (HO)
 (/usr/local/texlive/2021/texmf-dist/tex/generic/kvsetkeys/kvsetkeys.sty
Package: kvsetkeys 2019/12/15 v1.18 Key value parser (HO)
)) (/usr/local/texlive/2021/texmf-dist/tex/latex/filehook/filehook.sty
Package: filehook 2020/09/29 v0.8a Hooks for input files
 (/usr/local/texlive/2021/texmf-dist/tex/latex/filehook/filehook-2020.sty
Package: filehook-2020 2020/09/29 v0.8a Hooks for input files
))
\c@currfiledepth=\count316
)
\pytx@codefile=\write5
\openout5 = `template.pytxcode'.

\c@pytx@FancyVerbLineTemp=\count317
\c@pytx@py@default@default=\count318
\c@pytx@pycon@default@default=\count319
\c@pytx@sympy@default@default=\count320
\c@pytx@sympycon@default@default=\count321
\c@pytx@pylab@default@default=\count322
\c@pytx@pylabcon@default@default=\count323
\c@pytx@bash@default@default=\count324
) Restricted shell escape. PlantUML cannot be called. Start pdflatex/lualatex with -shell-escape.) (/usr/local/texlive/2021/texmf-dist/tex/latex/tools/tabularx.sty
Package: tabularx 2020/01/15 v2.11c `tabularx' package (DPC)
 (/usr/local/texlive/2021/texmf-dist/tex/latex/tools/array.sty
Package: array 2020/10/01 v2.5c Tabular extension package (FMi)
\col@sep=\dimen289
\ar@mcellbox=\box69
\extrarowheight=\dimen290
\NC@list=\toks34
\extratabsurround=\skip68
\backup@length=\skip69
\ar@cellbox=\box70
)
\TX@col@width=\dimen291
\TX@old@table=\dimen292
\TX@old@col=\dimen293
\TX@target=\dimen294
\TX@delta=\dimen295
\TX@cols=\count325
\TX@ftn=\toks35
) (/usr/local/texlive/2021/texmf-dist/tex/latex/pdfpages/pdfpages.sty
Package: pdfpages 2021/03/06 v0.5t Insert pages of external PDF documents (AM)
 (/usr/local/texlive/2021/texmf-dist/tex/latex/eso-pic/eso-pic.sty
Package: eso-pic 2020/10/14 v3.0a eso-pic (RN)
\ESO@tempdima=\dimen296
\ESO@tempdimb=\dimen297
)
\AM@pagewidth=\dimen298
\AM@pageheight=\dimen299
\AM@fboxrule=\dimen300
 (/usr/local/texlive/2021/texmf-dist/tex/latex/pdfpages/pppdftex.def
File: pppdftex.def 2021/03/06 v0.5t Pdfpages driver for pdfTeX (AM)
)
\pdfpages@includegraphics@status=\count326
\AM@pagebox=\box71
\AM@global@opts=\toks36
\AM@pagecnt=\count327
\AM@toc@title=\toks37
\c@AM@survey=\count328
\AM@templatesizebox=\box72
) (/usr/local/texlive/2021/texmf-dist/tex/latex/wrapfig/wrapfig.sty
\wrapoverhang=\dimen301
\WF@size=\dimen302
\c@WF@wrappedlines=\count329
\WF@box=\box73
\WF@everypar=\toks38
Package: wrapfig 2003/01/31  v 3.6
) (/usr/local/texlive/2021/texmf-dist/tex/latex/biblatex/biblatex.sty
Package: biblatex 2020/12/31 v3.16 programmable bibliographies (PK/MW)
 (/usr/local/texlive/2021/texmf-dist/tex/latex/logreq/logreq.sty
Package: logreq 2010/08/04 v1.0 xml request logger
\lrq@indent=\count330
 (/usr/local/texlive/2021/texmf-dist/tex/latex/logreq/logreq.def
File: logreq.def 2010/08/04 v1.0 logreq spec v1.0
)) (/usr/local/texlive/2021/texmf-dist/tex/latex/url/url.sty
\Urlmuskip=\muskip16
Package: url 2013/09/16  ver 3.4  Verb mode for urls, etc.
)
\c@tabx@nest=\count331
\c@listtotal=\count332
\c@listcount=\count333
\c@liststart=\count334
\c@liststop=\count335
\c@citecount=\count336
\c@citetotal=\count337
\c@multicitecount=\count338
\c@multicitetotal=\count339
\c@instcount=\count340
\c@maxnames=\count341
\c@minnames=\count342
\c@maxitems=\count343
\c@minitems=\count344
\c@citecounter=\count345
\c@maxcitecounter=\count346
\c@savedcitecounter=\count347
\c@uniquelist=\count348
\c@uniquename=\count349
\c@refsection=\count350
\c@refsegment=\count351
\c@maxextratitle=\count352
\c@maxextratitleyear=\count353
\c@maxextraname=\count354
\c@maxextradate=\count355
\c@maxextraalpha=\count356
\c@abbrvpenalty=\count357
\c@highnamepenalty=\count358
\c@lownamepenalty=\count359
\c@maxparens=\count360
\c@parenlevel=\count361
\blx@tempcnta=\count362
\blx@tempcntb=\count363
\blx@tempcntc=\count364
\blx@maxsection=\count365
\blx@maxsegment@0=\count366
\blx@notetype=\count367
\blx@parenlevel@text=\count368
\blx@parenlevel@foot=\count369
\blx@sectionciteorder@0=\count370
\blx@entrysetcounter=\count371
\blx@biblioinstance=\count372
\labelnumberwidth=\skip70
\labelalphawidth=\skip71
\biblabelsep=\skip72
\bibitemsep=\skip73
\bibnamesep=\skip74
\bibinitsep=\skip75
\bibparsep=\skip76
\bibhang=\skip77
\blx@bcfin=\read4
\blx@bcfout=\write6
\blx@langwohyphens=\language87
\c@mincomprange=\count373
\c@maxcomprange=\count374
\c@mincompwidth=\count375
Package biblatex Info: Trying to load biblatex default data model...
Package biblatex Info: ... file 'blx-dm.def' found.
 (/usr/local/texlive/2021/texmf-dist/tex/latex/biblatex/blx-dm.def
File: blx-dm.def 2020/12/31 v3.16 biblatex localization (PK/MW)
)
Package biblatex Info: Trying to load biblatex style data model...
Package biblatex Info: ... file 'ieee.dbx' not found.
Package biblatex Info: Trying to load biblatex custom data model...
Package biblatex Info: ... file 'biblatex-dm.cfg' not found.
\c@afterword=\count376
\c@savedafterword=\count377
\c@annotator=\count378
\c@savedannotator=\count379
\c@author=\count380
\c@savedauthor=\count381
\c@bookauthor=\count382
\c@savedbookauthor=\count383
\c@commentator=\count384
\c@savedcommentator=\count385
\c@editor=\count386
\c@savededitor=\count387
\c@editora=\count388
\c@savededitora=\count389
\c@editorb=\count390
\c@savededitorb=\count391
\c@editorc=\count392
\c@savededitorc=\count393
\c@foreword=\count394
\c@savedforeword=\count395
\c@holder=\count396
\c@savedholder=\count397
\c@introduction=\count398
\c@savedintroduction=\count399
\c@namea=\count400
\c@savednamea=\count401
\c@nameb=\count402
\c@savednameb=\count403
\c@namec=\count404
\c@savednamec=\count405
\c@translator=\count406
\c@savedtranslator=\count407
\c@shortauthor=\count408
\c@savedshortauthor=\count409
\c@shorteditor=\count410
\c@savedshorteditor=\count411
\c@labelname=\count412
\c@savedlabelname=\count413
\c@institution=\count414
\c@savedinstitution=\count415
\c@lista=\count416
\c@savedlista=\count417
\c@listb=\count418
\c@savedlistb=\count419
\c@listc=\count420
\c@savedlistc=\count421
\c@listd=\count422
\c@savedlistd=\count423
\c@liste=\count424
\c@savedliste=\count425
\c@listf=\count426
\c@savedlistf=\count427
\c@location=\count428
\c@savedlocation=\count429
\c@organization=\count430
\c@savedorganization=\count431
\c@origlocation=\count432
\c@savedoriglocation=\count433
\c@origpublisher=\count434
\c@savedorigpublisher=\count435
\c@publisher=\count436
\c@savedpublisher=\count437
\c@language=\count438
\c@savedlanguage=\count439
\c@origlanguage=\count440
\c@savedoriglanguage=\count441
\c@pageref=\count442
\c@savedpageref=\count443
\shorthandwidth=\skip78
\shortjournalwidth=\skip79
\shortserieswidth=\skip80
\shorttitlewidth=\skip81
\shortauthorwidth=\skip82
\shorteditorwidth=\skip83
\locallabelnumberwidth=\skip84
\locallabelalphawidth=\skip85
\localshorthandwidth=\skip86
\localshortjournalwidth=\skip87
\localshortserieswidth=\skip88
\localshorttitlewidth=\skip89
\localshortauthorwidth=\skip90
\localshorteditorwidth=\skip91
Package biblatex Info: Trying to load compatibility code...
Package biblatex Info: ... file 'blx-compat.def' found.
 (/usr/local/texlive/2021/texmf-dist/tex/latex/biblatex/blx-compat.def
File: blx-compat.def 2020/12/31 v3.16 biblatex compatibility (PK/MW)
)
Package biblatex Info: Trying to load generic definitions...
Package biblatex Info: ... file 'biblatex.def' found.
 (/usr/local/texlive/2021/texmf-dist/tex/latex/biblatex/biblatex.def
File: biblatex.def 2020/12/31 v3.16 biblatex compatibility (PK/MW)
\c@textcitecount=\count444
\c@textcitetotal=\count445
\c@textcitemaxnames=\count446
\c@biburlbigbreakpenalty=\count447
\c@biburlbreakpenalty=\count448
\c@biburlnumpenalty=\count449
\c@biburlucpenalty=\count450
\c@biburllcpenalty=\count451
\biburlbigskip=\muskip17
\biburlnumskip=\muskip18
\biburlucskip=\muskip19
\biburllcskip=\muskip20
\c@smartand=\count452
)
Package biblatex Info: Trying to load bibliography style 'ieee'...
Package biblatex Info: ... file 'ieee.bbx' found.
 (/usr/local/texlive/2021/texmf-dist/tex/latex/biblatex-ieee/ieee.bbx
File: ieee.bbx 2020/12/29 v1.3d biblatex bibliography style
Package biblatex Info: Trying to load bibliography style 'numeric-comp'...
Package biblatex Info: ... file 'numeric-comp.bbx' found.
 (/usr/local/texlive/2021/texmf-dist/tex/latex/biblatex/bbx/numeric-comp.bbx
File: numeric-comp.bbx 2020/12/31 v3.16 biblatex bibliography style (PK/MW)
Package biblatex Info: Trying to load bibliography style 'numeric'...
Package biblatex Info: ... file 'numeric.bbx' found.
 (/usr/local/texlive/2021/texmf-dist/tex/latex/biblatex/bbx/numeric.bbx
File: numeric.bbx 2020/12/31 v3.16 biblatex bibliography style (PK/MW)
Package biblatex Info: Trying to load bibliography style 'standard'...
Package biblatex Info: ... file 'standard.bbx' found.
 (/usr/local/texlive/2021/texmf-dist/tex/latex/biblatex/bbx/standard.bbx
File: standard.bbx 2020/12/31 v3.16 biblatex bibliography style (PK/MW)
\c@bbx:relatedcount=\count453
\c@bbx:relatedtotal=\count454
))))
Package biblatex Info: Trying to load citation style 'ieee'...
Package biblatex Info: ... file 'ieee.cbx' found.
 (/usr/local/texlive/2021/texmf-dist/tex/latex/biblatex-ieee/ieee.cbx
File: ieee.cbx 2020/12/29 v1.3d biblatex citation style
Package biblatex Info: Trying to load citation style 'numeric-comp'...
Package biblatex Info: ... file 'numeric-comp.cbx' found.
 (/usr/local/texlive/2021/texmf-dist/tex/latex/biblatex/cbx/numeric-comp.cbx
File: numeric-comp.cbx 2020/12/31 v3.16 biblatex citation style (PK/MW)
\c@cbx@tempcnta=\count455
\c@cbx@tempcntb=\count456
\c@cbx@tempcntc=\count457
\c@cbx@tempcntd=\count458
Package biblatex Info: Redefining '\cite'.
Package biblatex Info: Redefining '\parencite'.
Package biblatex Info: Redefining '\footcite'.
Package biblatex Info: Redefining '\footcitetext'.
Package biblatex Info: Redefining '\smartcite'.
Package biblatex Info: Redefining '\supercite'.
Package biblatex Info: Redefining '\textcite'.
Package biblatex Info: Redefining '\textcites'.
Package biblatex Info: Redefining '\cites'.
Package biblatex Info: Redefining '\parencites'.
Package biblatex Info: Redefining '\smartcites'.
)
Package biblatex Info: Redefining '\cite'.
Package biblatex Info: Redefining '\cites'.
)
Package biblatex Info: Trying to load configuration file...
Package biblatex Info: ... file 'biblatex.cfg' found.
 (/usr/local/texlive/2021/texmf-dist/tex/latex/biblatex/biblatex.cfg
File: biblatex.cfg 
)) (/usr/local/texlive/2021/texmf-dist/tex/latex/acronym/acronym.sty
Package: acronym 2020/04/17 v1.47 Support for acronyms (Tobias Oetiker)
 (/usr/local/texlive/2021/texmf-dist/tex/latex/bigfoot/suffix.sty
Package: suffix 2006/07/15 1.5a Variant command support
)
\AC@clearlist=\toks39
) (/usr/local/texlive/2021/texmf-dist/tex/latex/amsfonts/amsfonts.sty
Package: amsfonts 2013/01/14 v3.01 Basic AMSFonts support
\@emptytoks=\toks40
\symAMSa=\mathgroup4
\symAMSb=\mathgroup5
LaTeX Font Info:    Redeclaring math symbol \hbar on input line 98.
LaTeX Font Info:    Overwriting math alphabet `\mathfrak' in version `bold'
(Font)                  U/euf/m/n --> U/euf/b/n on input line 106.
) (/usr/local/texlive/2021/texmf-dist/tex/latex/amsmath/amsmath.sty
Package: amsmath 2020/09/23 v2.17i AMS math features
\@mathmargin=\skip92

For additional information on amsmath, use the `?' option.
(/usr/local/texlive/2021/texmf-dist/tex/latex/amsmath/amstext.sty
Package: amstext 2000/06/29 v2.01 AMS text
 (/usr/local/texlive/2021/texmf-dist/tex/latex/amsmath/amsgen.sty
File: amsgen.sty 1999/11/30 v2.0 generic functions
\@emptytoks=\toks41
\ex@=\dimen303
)) (/usr/local/texlive/2021/texmf-dist/tex/latex/amsmath/amsbsy.sty
Package: amsbsy 1999/11/29 v1.2d Bold Symbols
\pmbraise@=\dimen304
) (/usr/local/texlive/2021/texmf-dist/tex/latex/amsmath/amsopn.sty
Package: amsopn 2016/03/08 v2.02 operator names
)
\inf@bad=\count459
LaTeX Info: Redefining \frac on input line 234.
\uproot@=\count460
\leftroot@=\count461
LaTeX Info: Redefining \overline on input line 399.
\classnum@=\count462
\DOTSCASE@=\count463
LaTeX Info: Redefining \ldots on input line 496.
LaTeX Info: Redefining \dots on input line 499.
LaTeX Info: Redefining \cdots on input line 620.
\Mathstrutbox@=\box74
\strutbox@=\box75
\big@size=\dimen305
LaTeX Font Info:    Redeclaring font encoding OML on input line 743.
LaTeX Font Info:    Redeclaring font encoding OMS on input line 744.
\macc@depth=\count464
\c@MaxMatrixCols=\count465
\dotsspace@=\muskip21
\c@parentequation=\count466
\dspbrk@lvl=\count467
\tag@help=\toks42
\row@=\count468
\column@=\count469
\maxfields@=\count470
\andhelp@=\toks43
\eqnshift@=\dimen306
\alignsep@=\dimen307
\tagshift@=\dimen308
\tagwidth@=\dimen309
\totwidth@=\dimen310
\lineht@=\dimen311
\@envbody=\toks44
\multlinegap=\skip93
\multlinetaggap=\skip94
\mathdisplay@stack=\toks45
LaTeX Info: Redefining \[ on input line 2923.
LaTeX Info: Redefining \] on input line 2924.
) (/usr/local/texlive/2021/texmf-dist/tex/generic/babel/babel.sty
Package: babel 2021/03/24 3.56 The Babel package
 (/usr/local/texlive/2021/texmf-dist/tex/generic/babel/babel.def
File: babel.def 2021/03/24 3.56 Babel common definitions
\babel@savecnt=\count471
\U@D=\dimen312
\l@babelnohyphens=\language88
 (/usr/local/texlive/2021/texmf-dist/tex/generic/babel/txtbabel.def)
\bbl@readstream=\read5
)
\bbl@dirlevel=\count472
 (/usr/local/texlive/2021/texmf-dist/tex/generic/babel-german/ngerman.ldf
Language: ngerman 2021/02/27 v2.13 German support for babel (post-1996 orthography)
 (/usr/local/texlive/2021/texmf-dist/tex/generic/babel-german/ngermanb.ldf
Language: ngermanb 2021/02/27 v2.13 German support for babel (post-1996 orthography)
Package babel Info: Making " an active character on input line 122.
))) (/usr/local/texlive/2021/texmf-dist/tex/latex/csquotes/csquotes.sty
Package: csquotes 2021-02-22 v5.2l context-sensitive quotations (JAW)
\csq@reset=\count473
\csq@gtype=\count474
\csq@glevel=\count475
\csq@qlevel=\count476
\csq@maxlvl=\count477
\csq@tshold=\count478
\csq@ltx@everypar=\toks46
 (/usr/local/texlive/2021/texmf-dist/tex/latex/csquotes/csquotes.def
File: csquotes.def 2021-02-22 v5.2l csquotes generic definitions (JAW)
)
Package csquotes Info: Trying to load configuration file 'csquotes.cfg'...
Package csquotes Info: ... configuration file loaded successfully.
 (/usr/local/texlive/2021/texmf-dist/tex/latex/csquotes/csquotes.cfg
File: csquotes.cfg 
)) (/usr/local/texlive/2021/texmf-dist/tex/latex/float/float.sty
Package: float 2001/11/08 v1.3d Float enhancements (AL)
\c@float@type=\count479
\float@exts=\toks47
\float@box=\box76
\@float@everytoks=\toks48
\@floatcapt=\box77
)
Package scrhack Info: loading float hack on input line 69.
 (/usr/local/texlive/2021/texmf-dist/tex/latex/koma-script/float.hak
File: float.hak 2021/03/17 v3.33 KOMA-Script scrhack part (hacking package float)
Package scrhack Info: redefining \newfloat on input line 163.
Package scrhack Info: redefining \listof on input line 163.
Package scrhack Info: undefining \float@addtolists on input line 163.
)
Package scrhack Info: hyperref hack deactivated because of
(scrhack)             detection of KOMA-Script class, that doesn't
(scrhack)             need that hack, on input line 76.
 (/usr/local/texlive/2021/texmf-dist/tex/latex/hyperref/hyperref.sty
Package: hyperref 2021-02-27 v7.00k Hypertext links for LaTeX
 (/usr/local/texlive/2021/texmf-dist/tex/generic/kvdefinekeys/kvdefinekeys.sty
Package: kvdefinekeys 2019-12-19 v1.6 Define keys (HO)
) (/usr/local/texlive/2021/texmf-dist/tex/generic/pdfescape/pdfescape.sty
Package: pdfescape 2019/12/09 v1.15 Implements pdfTeX's escape features (HO)
) (/usr/local/texlive/2021/texmf-dist/tex/latex/hycolor/hycolor.sty
Package: hycolor 2020-01-27 v1.10 Color options for hyperref/bookmark (HO)
) (/usr/local/texlive/2021/texmf-dist/tex/latex/letltxmacro/letltxmacro.sty
Package: letltxmacro 2019/12/03 v1.6 Let assignment for LaTeX macros (HO)
) (/usr/local/texlive/2021/texmf-dist/tex/latex/auxhook/auxhook.sty
Package: auxhook 2019-12-17 v1.6 Hooks for auxiliary files (HO)
)
\@linkdim=\dimen313
\Hy@linkcounter=\count480
\Hy@pagecounter=\count481
 (/usr/local/texlive/2021/texmf-dist/tex/latex/hyperref/pd1enc.def
File: pd1enc.def 2021-02-27 v7.00k Hyperref: PDFDocEncoding definition (HO)
Now handling font encoding PD1 ...
... no UTF-8 mapping file for font encoding PD1
) (/usr/local/texlive/2021/texmf-dist/tex/latex/hyperref/hyperref-langpatches.def
File: hyperref-langpatches.def 2021-02-27 v7.00k Hyperref: patches for babel languages
) (/usr/local/texlive/2021/texmf-dist/tex/generic/intcalc/intcalc.sty
Package: intcalc 2019/12/15 v1.3 Expandable calculations with integers (HO)
) (/usr/local/texlive/2021/texmf-dist/tex/generic/etexcmds/etexcmds.sty
Package: etexcmds 2019/12/15 v1.7 Avoid name clashes with e-TeX commands (HO)
)
\Hy@SavedSpaceFactor=\count482
 (/usr/local/texlive/2021/texmf-dist/tex/latex/hyperref/puenc.def
File: puenc.def 2021-02-27 v7.00k Hyperref: PDF Unicode definition (HO)
Now handling font encoding PU ...
... no UTF-8 mapping file for font encoding PU
)
Package hyperref Info: Option `colorlinks' set `true' on input line 4073.
Package hyperref Info: Hyper figures OFF on input line 4192.
Package hyperref Info: Link nesting OFF on input line 4197.
Package hyperref Info: Hyper index ON on input line 4200.
Package hyperref Info: Plain pages OFF on input line 4207.
Package hyperref Info: Backreferencing OFF on input line 4212.
Package hyperref Info: Implicit mode ON; LaTeX internals redefined.
Package hyperref Info: Bookmarks ON on input line 4445.
\c@Hy@tempcnt=\count483
LaTeX Info: Redefining \url on input line 4804.
\XeTeXLinkMargin=\dimen314
 (/usr/local/texlive/2021/texmf-dist/tex/generic/bitset/bitset.sty
Package: bitset 2019/12/09 v1.3 Handle bit-vector datatype (HO)
 (/usr/local/texlive/2021/texmf-dist/tex/generic/bigintcalc/bigintcalc.sty
Package: bigintcalc 2019/12/15 v1.5 Expandable calculations on big integers (HO)
))
\Fld@menulength=\count484
\Field@Width=\dimen315
\Fld@charsize=\dimen316
Package hyperref Info: Hyper figures OFF on input line 6075.
Package hyperref Info: Link nesting OFF on input line 6080.
Package hyperref Info: Hyper index ON on input line 6083.
Package hyperref Info: backreferencing OFF on input line 6090.
Package hyperref Info: Link coloring ON on input line 6093.
Package hyperref Info: Link coloring with OCG OFF on input line 6100.
Package hyperref Info: PDF/A mode OFF on input line 6105.
LaTeX Info: Redefining \ref on input line 6145.
LaTeX Info: Redefining \pageref on input line 6149.
 (/usr/local/texlive/2021/texmf-dist/tex/latex/base/atbegshi-ltx.sty
Package: atbegshi-ltx 2020/08/17 v1.0a Emulation of the original atbegshi package
with kernel methods
)
\Hy@abspage=\count485
\c@Item=\count486
\c@Hfootnote=\count487
)
Package hyperref Info: Driver (autodetected): hpdftex.
 (/usr/local/texlive/2021/texmf-dist/tex/latex/hyperref/hpdftex.def
File: hpdftex.def 2021-02-27 v7.00k Hyperref driver for pdfTeX
 (/usr/local/texlive/2021/texmf-dist/tex/latex/base/atveryend-ltx.sty
Package: atveryend-ltx 2020/08/19 v1.0a Emulation of the original atvery package
with kernel methods
)
\Fld@listcount=\count488
\c@bookmark@seq@number=\count489
 (/usr/local/texlive/2021/texmf-dist/tex/latex/rerunfilecheck/rerunfilecheck.sty
Package: rerunfilecheck 2019/12/05 v1.9 Rerun checks for auxiliary files (HO)
 (/usr/local/texlive/2021/texmf-dist/tex/generic/uniquecounter/uniquecounter.sty
Package: uniquecounter 2019/12/15 v1.4 Provide unlimited unique counter (HO)
)
Package uniquecounter Info: New unique counter `rerunfilecheck' on input line 286.
)
\Hy@SectionHShift=\skip95
) (/usr/local/texlive/2021/texmf-dist/tex/latex/listings/listings.sty
\lst@mode=\count490
\lst@gtempboxa=\box78
\lst@token=\toks49
\lst@length=\count491
\lst@currlwidth=\dimen317
\lst@column=\count492
\lst@pos=\count493
\lst@lostspace=\dimen318
\lst@width=\dimen319
\lst@newlines=\count494
\lst@lineno=\count495
\lst@maxwidth=\dimen320
 (/usr/local/texlive/2021/texmf-dist/tex/latex/listings/lstmisc.sty
File: lstmisc.sty 2020/03/24 1.8d (Carsten Heinz)
\c@lstnumber=\count496
\lst@skipnumbers=\count497
\lst@framebox=\box79
) (/usr/local/texlive/2021/texmf-dist/tex/latex/listings/listings.cfg
File: listings.cfg 2020/03/24 1.8d listings configuration
))
Package scrhack Info: loading listings hack on input line 86.
 (/usr/local/texlive/2021/texmf-dist/tex/latex/koma-script/listings.hak
File: listings.hak 2021/03/17 v3.33 KOMA-Script scrhack part (hacking package listings)
Package tocbasic Info: setting babel extension for `lol' on input line 143.
Package scrhack Info: redefining \lstlistoflistings on input line 143.
)
Package: listings 2020/03/24 1.8d (Carsten Heinz)
)
Package csquotes Info: Checking for multilingual support...
Package csquotes Info: ... found 'babel' package.
Package csquotes Info: Adjusting default style.
Package csquotes Info: Redefining alias 'default' -> 'ngerman'.
 (/Users/vitalimostowoj/Desktop/BA_VM/build-files/template.aux (/Users/vitalimostowoj/Desktop/BA_VM/build-files/sections/defaults/title/title.aux) (/Users/vitalimostowoj/Desktop/BA_VM/build-files/sections/defaults/blocking-notice/blocking-notice-it.aux) (/Users/vitalimostowoj/Desktop/BA_VM/build-files/sections/defaults/personal-contribution/personal-contribution.aux) (/Users/vitalimostowoj/Desktop/BA_VM/build-files/sections/abstract/abstract-ger.aux) (/Users/vitalimostowoj/Desktop/BA_VM/build-files/resources/directories/acronyms.aux) (/Users/vitalimostowoj/Desktop/BA_VM/build-files/sections/einleitung/Einleitung.aux)

LaTeX Warning: Label `fig:FuzzyLogicArchitektur' multiply defined.

(/Users/vitalimostowoj/Desktop/BA_VM/build-files/sections/appendix/appendix.aux))
\openout1 = `template.aux'.

LaTeX Font Info:    Checking defaults for OML/cmm/m/it on input line 13.
LaTeX Font Info:    ... okay on input line 13.
LaTeX Font Info:    Checking defaults for OMS/cmsy/m/n on input line 13.
LaTeX Font Info:    ... okay on input line 13.
LaTeX Font Info:    Checking defaults for OT1/cmr/m/n on input line 13.
LaTeX Font Info:    ... okay on input line 13.
LaTeX Font Info:    Checking defaults for T1/cmr/m/n on input line 13.
LaTeX Font Info:    ... okay on input line 13.
LaTeX Font Info:    Checking defaults for TS1/cmr/m/n on input line 13.
LaTeX Font Info:    ... okay on input line 13.
LaTeX Font Info:    Checking defaults for OMX/cmex/m/n on input line 13.
LaTeX Font Info:    ... okay on input line 13.
LaTeX Font Info:    Checking defaults for U/cmr/m/n on input line 13.
LaTeX Font Info:    ... okay on input line 13.
LaTeX Font Info:    Checking defaults for PD1/pdf/m/n on input line 13.
LaTeX Font Info:    ... okay on input line 13.
LaTeX Font Info:    Checking defaults for PU/pdf/m/n on input line 13.
LaTeX Font Info:    ... okay on input line 13.

*geometry* driver: auto-detecting
*geometry* detected driver: pdftex
*geometry* verbose mode - [ preamble ] result:
* driver: pdftex
* paper: a4paper
* layout: <same size as paper>
* layoutoffset:(h,v)=(0.0pt,0.0pt)
* modes: 
* h-part:(L,W,R)=(71.13188pt, 455.24411pt, 71.13188pt)
* v-part:(T,H,B)=(71.13188pt, 660.10394pt, 113.81102pt)
* \paperwidth=597.50787pt
* \paperheight=845.04684pt
* \textwidth=455.24411pt
* \textheight=660.10394pt
* \oddsidemargin=-1.1381pt
* \evensidemargin=-1.1381pt
* \topmargin=-41.0131pt
* \headheight=18.125pt
* \headsep=21.75pt
* \topskip=12.0pt
* \footskip=50.75pt
* \marginparwidth=56.9055pt
* \marginparsep=12.8401pt
* \columnsep=10.0pt
* \skip\footins=10.8pt plus 4.0pt minus 2.0pt
* \hoffset=0.0pt
* \voffset=0.0pt
* \mag=1000
* \@twocolumnfalse
* \@twosidefalse
* \@mparswitchfalse
* \@reversemarginfalse
* (1in=72.27pt=25.4mm, 1cm=28.453pt)

(/usr/local/texlive/2021/texmf-dist/tex/context/base/mkii/supp-pdf.mkii
[Loading MPS to PDF converter (version 2006.09.02).]
\scratchcounter=\count498
\scratchdimen=\dimen321
\scratchbox=\box80
\nofMPsegments=\count499
\nofMParguments=\count500
\everyMPshowfont=\toks50
\MPscratchCnt=\count501
\MPscratchDim=\dimen322
\MPnumerator=\count502
\makeMPintoPDFobject=\count503
\everyMPtoPDFconversion=\toks51
) (/usr/local/texlive/2021/texmf-dist/tex/latex/epstopdf-pkg/epstopdf-base.sty
Package: epstopdf-base 2020-01-24 v2.11 Base part for package epstopdf
Package epstopdf-base Info: Redefining graphics rule for `.eps' on input line 485.
 (/usr/local/texlive/2021/texmf-dist/tex/latex/latexconfig/epstopdf-sys.cfg
File: epstopdf-sys.cfg 2010/07/13 v1.3 Configuration of (r)epstopdf for TeX Live
))
Package caption Info: Begin \AtBeginDocument code.
Package caption Info: float package is loaded.
Package caption Info: hyperref package is loaded.
Package caption Info: listings package is loaded.
Package caption Info: wrapfig package is loaded.
Package caption Info: End \AtBeginDocument code.
Package newfloat Info: `float' package detected.
Package newfloat Info: `wrapfig' package detected.

No file pythontex-files-template/template.pytxmcr.
Run PythonTeX to create it.
Package newfloat Info: New float `listing' with options `fileext=lopytx' on input line 13.
\c@listing=\count504
Package newfloat Info: float type `listing'=4 on input line 13.
Package tocbasic Info: setting babel extension for `lopytx' on input line 13.
\c@sublisting=\count505
(/usr/local/texlive/2021/texmf-dist/tex/latex/pdflscape/pdflscape.sty
Package: pdflscape 2019/12/05 v0.12 Display of landscape pages in PDF (HO)
 (/usr/local/texlive/2021/texmf-dist/tex/latex/graphics/lscape.sty
Package: lscape 2020/05/28 v3.02 Landscape Pages (DPC)
)
Package scrhack Info: loading lscape hack on input line 77.
 (/usr/local/texlive/2021/texmf-dist/tex/latex/koma-script/lscape.hak
File: lscape.hak 2021/03/17 v3.33 KOMA-Script scrhack part (hacking package lscape)
Package scrhack Info: \landscape patched to make \textheight change optional on input line 90.
\scrh@LT@textheight=\skip96
)
Package pdflscape Info: Auto-detected driver: pdftex on input line 81.
)
Package biblatex Info: Trying to load language 'ngerman'...
Package biblatex Info: ... file 'ngerman.lbx' found.
 (/usr/local/texlive/2021/texmf-dist/tex/latex/biblatex/lbx/ngerman.lbx
File: ngerman.lbx 2020/12/31 v3.16 biblatex localization (PK/MW)
Package biblatex Info: Trying to load language 'german'...
Package biblatex Info: ... file 'german.lbx' found.
 (/usr/local/texlive/2021/texmf-dist/tex/latex/biblatex/lbx/german.lbx
File: german.lbx 2020/12/31 v3.16 biblatex localization (PK/MW)
)
Package biblatex Info: Trying to load language 'german'...
Package biblatex Info: ... file 'german.lbx' found.
 (/usr/local/texlive/2021/texmf-dist/tex/latex/biblatex/lbx/german.lbx
File: german.lbx 2020/12/31 v3.16 biblatex localization (PK/MW)
))
Package biblatex Info: Input encoding 'utf8' detected.
Package biblatex Info: Automatic encoding selection.
(biblatex)             Assuming data encoding 'utf8'.
Package biblatex Info: Document encoding is UTF8 ....
Package biblatex Info: ... and expl3
(biblatex)             2021-02-18 L3 programming layer (loader) 
(biblatex)             is new enough (at least 2020/04/06),
(biblatex)             setting 'casechanger=expl3'.
 (/usr/local/texlive/2021/texmf-dist/tex/latex/biblatex/blx-case-expl3.sty
Package: blx-case-expl3 2020/12/31 v3.16 expl3 case changing code for biblatex
)
\openout6 = `template.bcf'.

Package biblatex Info: Trying to load bibliographic data...
Package biblatex Info: ... file 'template.bbl' found.
 (/Users/vitalimostowoj/Desktop/BA_VM/build-files/template.bbl)
Package biblatex Info: Reference section=0 on input line 13.
Package biblatex Info: Reference segment=0 on input line 13.
Package hyperref Info: Link coloring ON on input line 13.
 (/usr/local/texlive/2021/texmf-dist/tex/latex/hyperref/nameref.sty
Package: nameref 2021-04-02 v2.47 Cross-referencing by name of section
 (/usr/local/texlive/2021/texmf-dist/tex/latex/refcount/refcount.sty
Package: refcount 2019/12/15 v3.6 Data extraction from label references (HO)
) (/usr/local/texlive/2021/texmf-dist/tex/generic/gettitlestring/gettitlestring.sty
Package: gettitlestring 2019/12/15 v1.6 Cleanup title references (HO)
)
\c@section@level=\count506
)
LaTeX Info: Redefining \ref on input line 13.
LaTeX Info: Redefining \pageref on input line 13.
LaTeX Info: Redefining \nameref on input line 13.
 (/Users/vitalimostowoj/Desktop/BA_VM/build-files/template.out) (/Users/vitalimostowoj/Desktop/BA_VM/build-files/template.out)
\@outlinefile=\write7
\openout7 = `template.out'.

Class scrreprt Info: loading recommended package `bookmark'.
(scrreprt)           Using `bookmark' together with `hyperref' is recommended,
(scrreprt)           because of handling of possible bookmark level gaps.
(scrreprt)           You can avoid loading `bookmark' with KOMA-Script option
(scrreprt)           `bookmarkpackage=false' before \begin{document} and
(scrreprt)           you can avoid this message adding:
(scrreprt)             \usepackage{bookmark}
(scrreprt)           before \begin{document} on input line 13.
 (/usr/local/texlive/2021/texmf-dist/tex/latex/bookmark/bookmark.sty
Package: bookmark 2020-11-06 v1.29 PDF bookmarks (HO)
 (/usr/local/texlive/2021/texmf-dist/tex/latex/bookmark/bkm-pdftex.def
File: bkm-pdftex.def 2020-11-06 v1.29 bookmark driver for pdfTeX (HO)
\BKM@id=\count507
))
\c@lstlisting=\count508
Package scrhack Info: undefining \float@addtolists on input line 13.
\openout2 = `sections/defaults/title/title.aux'.

 (./sections/defaults/title/title.tex
<dhbw-logo.png, id=31, 542.025pt x 264.99pt>
File: dhbw-logo.png Graphic file (type png)
<use dhbw-logo.png>
Package pdftex.def Info: dhbw-logo.png  used on input line 8.
(pdftex.def)             Requested size: 135.5059pt x 66.24733pt.
<resources/images//company-logo.png, id=33, 1063.975pt x 144.54pt>
File: resources/images//company-logo.png Graphic file (type png)
<use resources/images//company-logo.png>
Package pdftex.def Info: resources/images//company-logo.png  used on input line 14.
(pdftex.def)             Requested size: 212.79123pt x 28.90747pt.
LaTeX Font Info:    Trying to load font information for U+msa on input line 52.
 (/usr/local/texlive/2021/texmf-dist/tex/latex/amsfonts/umsa.fd
File: umsa.fd 2013/01/14 v3.01 AMS symbols A
)
LaTeX Font Info:    Trying to load font information for U+msb on input line 52.
 (/usr/local/texlive/2021/texmf-dist/tex/latex/amsfonts/umsb.fd
File: umsb.fd 2013/01/14 v3.01 AMS symbols B
)) [1


{/usr/local/texlive/2021/texmf-var/fonts/map/pdftex/updmap/pdftex.map} </usr/local/texlive/2021/texmf-dist/tex/latex/iodhbwm/dhbw-logo.png> <./resources/images//company-logo.png>]
LaTeX Font Info:    Trying to load font information for T1+cmss on input line 21.
 (/usr/local/texlive/2021/texmf-dist/tex/latex/base/t1cmss.fd
File: t1cmss.fd 2019/12/16 v2.5j Standard LaTeX font definitions
) (/Users/vitalimostowoj/Desktop/BA_VM/build-files/template.tdo)
\tf@tdo=\write8
\openout8 = `template.tdo'.

 [2



]
\openout2 = `sections/defaults/blocking-notice/blocking-notice-it.aux'.

 (./sections/defaults/blocking-notice/blocking-notice-it.tex) [3



]
\openout2 = `sections/defaults/personal-contribution/personal-contribution.aux'.

 (./sections/defaults/personal-contribution/personal-contribution.tex)
Underfull \hbox (badness 10000) in paragraph at lines 4--31

 []


Underfull \hbox (badness 10000) in paragraph at lines 4--31

 []


Underfull \hbox (badness 10000) in paragraph at lines 4--31

 []


Overfull \hbox (11.74713pt too wide) in paragraph at lines 4--31
[] 
 []

[1




]
\openout2 = `sections/abstract/abstract-ger.aux'.

 (./sections/abstract/abstract-ger.tex) [2




] (/Users/vitalimostowoj/Desktop/BA_VM/build-files/template.toc [3



])
\tf@toc=\write9
\openout9 = `template.toc'.

 [4] (/Users/vitalimostowoj/Desktop/BA_VM/build-files/template.lof
Package acronym Info: Label `acro:mtbf' newly defined as it shall be overridden
although it is yet undefined on input line 38.
)
\tf@lof=\write10
\openout10 = `template.lof'.

 [5


] (/Users/vitalimostowoj/Desktop/BA_VM/build-files/template.lot)
\tf@lot=\write11
\openout11 = `template.lot'.

 [6


]
\openout2 = `resources/directories/acronyms.aux'.

 (./resources/directories/acronyms.tex) [7



]
\openout2 = `sections/einleitung/Einleitung.aux'.

 (./sections/einleitung/Einleitung.tex
chapter 1.
Package acronym Info: Label `acro:p+f' newly defined as it shall be overridden
although it is yet undefined on input line 6.
<resources/images//P+F_Standorte.png, id=248, 1210.5225pt x 631.35875pt>
File: resources/images//P+F_Standorte.png Graphic file (type png)
<use resources/images//P+F_Standorte.png>
Package pdftex.def Info: resources/images//P+F_Standorte.png  used on input line 11.
(pdftex.def)             Requested size: 455.24411pt x 237.4333pt.
pdfTeX warning (ext4): destination with the same identifier (name{page.1}) has been already used, duplicate ignored
<to be read again> 
                   \relax 
l.15 \end{flushleft}
                     [1




 <./resources/images//P+F_Standorte.png>]
Package acronym Info: Label `acro:hmi' newly defined as it shall be overridden
although it is yet undefined on input line 16.

Overfull \hbox (10.16158pt too wide) in paragraph at lines 19--22
\T1/cmr/m/n/12 Primres Ziel die-ser Ba-che-lor-ar-beit ist da-her, die pro-to-ty-pi-sche Ent-wick-lung ei-ner Hardware-
 []

pdfTeX warning (ext4): destination with the same identifier (name{page.2}) has been already used, duplicate ignored
<to be read again> 
                   \relax 
l.22 
      [2]pdfTeX warning (ext4): destination with the same identifier (name{page.3}) has been already used, duplicate ignored
<to be read again> 
                   \relax 
l.36         \item E
                    rmittelung des Health Status\\ [3]
Overfull \hbox (1.32813pt too wide) in paragraph at lines 48--50
\T1/cmr/m/n/12 Die ge-sam-mel-ten Da-ten des Sys-tems sol-len ber ein Netz-werk-pro-to-koll (MQTT,
 []

) [4] (./sections/grundlagen/Vorarbeit.tex
chapter 2.
[5



]
Package acronym Info: Label `acro:api' newly defined as it shall be overridden
although it is yet undefined on input line 13.
Package acronym Info: Label `acro:sdk' newly defined as it shall be overridden
although it is yet undefined on input line 13.
) (./sections/grundlagen/SoftwareDesignKonzepte.tex
Overfull \hbox (5.5891pt too wide) in paragraph at lines 2--6
\T1/cmr/m/it/12 Alle gut struk-tu-rier-ten ob-jek-t-ori-en-tier-ten Ar-chi-tek-tu-ren ba-sie-ren auf Mus-tern \T1/cmr/m/n/12 (Gra-dy Booch
 []

[6]
Underfull \hbox (badness 10000) in paragraph at lines 8--10

 []

<resources/images//UMLAdapterPattern.png, id=307, 321.2pt x 273.02pt>
File: resources/images//UMLAdapterPattern.png Graphic file (type png)
<use resources/images//UMLAdapterPattern.png>
Package pdftex.def Info: resources/images//UMLAdapterPattern.png  used on input line 13.
(pdftex.def)             Requested size: 182.09486pt x 154.78566pt.
[7 <./resources/images//UMLAdapterPattern.png>]
Underfull \hbox (badness 10000) in paragraph at lines 23--25

 []

<resources/images//UMLStrategyPattern.png, id=315, 714.67pt x 327.2225pt>
File: resources/images//UMLStrategyPattern.png Graphic file (type png)
<use resources/images//UMLStrategyPattern.png>
Package pdftex.def Info: resources/images//UMLStrategyPattern.png  used on input line 28.
(pdftex.def)             Requested size: 318.66948pt x 145.90564pt.
) (./sections/grundlagen/Datenbanken.tex
<resources/images//DatenvolumenStatistik.png, id=320, 880.28876pt x 590.205pt>
File: resources/images//DatenvolumenStatistik.png Graphic file (type png)
<use resources/images//DatenvolumenStatistik.png>
Package pdftex.def Info: resources/images//DatenvolumenStatistik.png  used on input line 5.
(pdftex.def)             Requested size: 218.51521pt x 146.50621pt.
 [8 <./resources/images//UMLStrategyPattern.png>]
<resources/images//SQLCommands.png, id=329, 799.98875pt x 671.50874pt>
File: resources/images//SQLCommands.png Graphic file (type png)
<use resources/images//SQLCommands.png>
Package pdftex.def Info: resources/images//SQLCommands.png  used on input line 19.
(pdftex.def)             Requested size: 218.51521pt x 183.42053pt.
Package acronym Info: Label `acro:sequel' newly defined as it shall be overridden
although it is yet undefined on input line 26.
Package acronym Info: Label `acro:sql' newly defined as it shall be overridden
although it is yet undefined on input line 26.
) (./sections/grundlagen/MTBFReliability.tex
Underfull \hbox (badness 1194) in paragraph at lines 26--1
\T1/cmr/m/n/12 1969 ein Da-ten-bank-mo-dell fr Re-la-tio-
 []


Underfull \hbox (badness 2205) in paragraph at lines 26--1
\T1/cmr/m/n/12 ner For-schung be-gann, in den fol-gen-
 []

[9 <./resources/images//DatenvolumenStatistik.png> <./resources/images//SQLCommands.png (PNG copy)>]
<resources/images//BathTubCurve.png, id=349, 687.56876pt x 400.49625pt>
File: resources/images//BathTubCurve.png Graphic file (type png)
<use resources/images//BathTubCurve.png>
Package pdftex.def Info: resources/images//BathTubCurve.png  used on input line 6.
(pdftex.def)             Requested size: 291.35594pt x 169.7106pt.

Underfull \hbox (badness 10000) in paragraph at lines 2--12

 []


Underfull \hbox (badness 1997) in paragraph at lines 12--18
[]\T1/cmr/m/n/12 Die in Ab-bil-dung [][]2.5[][] ab-
 []


Underfull \hbox (badness 2865) in paragraph at lines 12--18
\T1/cmr/m/n/12 schrei-bung der Le-bens-dau-
 []


Underfull \hbox (badness 7504) in paragraph at lines 12--18
\T1/cmr/m/n/12 po-nen-ten ver-wen-det wird.
 []


Underfull \hbox (badness 1308) in paragraph at lines 12--18
\T1/cmr/m/n/12 Da-bei kann die Le-bens-zeit
 []

[10 <./resources/images//BathTubCurve.png>]) (./sections/grundlagen/FuzzyLogic.tex
<resources/images//FuzzyBoolLogic.png, id=368, 548.0475pt x 344.28625pt>
File: resources/images//FuzzyBoolLogic.png Graphic file (type png)
<use resources/images//FuzzyBoolLogic.png>
Package pdftex.def Info: resources/images//FuzzyBoolLogic.png  used on input line 6.
(pdftex.def)             Requested size: 182.09486pt x 114.3923pt.
 [11 <./resources/images//FuzzyBoolLogic.png>]
<resources/images//FuzzyLogicArchitektur.png, id=390, 651.43375pt x 334.24875pt>
File: resources/images//FuzzyLogicArchitektur.png Graphic file (type png)
<use resources/images//FuzzyLogicArchitektur.png>
Package pdftex.def Info: resources/images//FuzzyLogicArchitektur.png  used on input line 25.
(pdftex.def)             Requested size: 314.11954pt x 161.1771pt.
 [12 <./resources/images//FuzzyLogicArchitektur.png>]) (./sections/grundlagen/Grafana.tex
<resources/images//Gitlab_Dashboard.png, id=400, 975.645pt x 472.76625pt>
File: resources/images//Gitlab_Dashboard.png Graphic file (type png)
<use resources/images//Gitlab_Dashboard.png>
Package pdftex.def Info: resources/images//Gitlab_Dashboard.png  used on input line 7.
(pdftex.def)             Requested size: 364.19667pt x 176.47896pt.
) (./sections/datenerfassung/SystemArchitekur.tex [13 <./resources/images//Gitlab_Dashboard.png>]
chapter 3.

LaTeX Warning: Reference `sec:Datenvisualisierung' on page 14 undefined on input line 3.


LaTeX Warning: Reference `sec:Gesamtkonzept' on page 14 undefined on input line 3.

) (./sections/datenerfassung/Datenerfassung.tex
Overfull \hbox (2.21501pt too wide) in paragraph at lines 7--9
\T1/cmr/m/n/12 Das UML Dia-gramm in Ab-bil-dung [][]3.1[][] ver-an-schau-licht den Auf-bau von \T1/cmr/m/it/12 HM.HWServices\T1/cmr/m/n/12 . 
 []

[14

]
<resources/images//UMLDatenerfassung.png, id=415, 1096.095pt x 597.23125pt>
File: resources/images//UMLDatenerfassung.png Graphic file (type png)
<use resources/images//UMLDatenerfassung.png>
Package pdftex.def Info: resources/images//UMLDatenerfassung.png  used on input line 12.
(pdftex.def)             Requested size: 455.24411pt x 248.05594pt.
Package acronym Info: Label `acro:dpu' newly defined as it shall be overridden
although it is yet undefined on input line 24.
Package acronym Info: Label `acro:tcu' newly defined as it shall be overridden
although it is yet undefined on input line 24.
 [15 <./resources/images//UMLDatenerfassung.png>]
<resources/images//UMLDatastructureHWI.png, id=428, 449.68pt x 358.33875pt>
File: resources/images//UMLDatastructureHWI.png Graphic file (type png)
<use resources/images//UMLDatastructureHWI.png>
Package pdftex.def Info: resources/images//UMLDatastructureHWI.png  used on input line 31.
(pdftex.def)             Requested size: 204.85846pt x 163.24669pt.
 [16 <./resources/images//UMLDatastructureHWI.png>]
<resources/images//SensorList.png, id=436, 1046.91125pt x 521.95pt>
File: resources/images//SensorList.png Graphic file (type png)
<use resources/images//SensorList.png>
Package pdftex.def Info: resources/images//SensorList.png  used on input line 44.
(pdftex.def)             Requested size: 318.66948pt x 158.87195pt.
<resources/images//SensorReadings.png, id=438, 1109.14375pt x 717.68124pt>
File: resources/images//SensorReadings.png Graphic file (type png)
<use resources/images//SensorReadings.png>
Package pdftex.def Info: resources/images//SensorReadings.png  used on input line 55.
(pdftex.def)             Requested size: 368.74661pt x 238.59863pt.
 [17 <./resources/images//SensorList.png> <./resources/images//SensorReadings.png>]
Underfull \hbox (badness 10000) in paragraph at lines 66--67

 []

[18]
<resources/images//DBModell.png, id=459, 846.16125pt x 346.29375pt>
File: resources/images//DBModell.png Graphic file (type png)
<use resources/images//DBModell.png>
Package pdftex.def Info: resources/images//DBModell.png  used on input line 73.
(pdftex.def)             Requested size: 455.24411pt x 186.30891pt.
 [19 <./resources/images//DBModell.png>]
<resources/images//DBErweitert.png, id=469, 842.14626pt x 150.5625pt>
File: resources/images//DBErweitert.png Graphic file (type png)
<use resources/images//DBErweitert.png>
Package pdftex.def Info: resources/images//DBErweitert.png  used on input line 87.
(pdftex.def)             Requested size: 455.24411pt x 81.39212pt.
Package hyperref Info: bookmark level for unknown todo defaults to 0 on input line 94.

Underfull \hbox (badness 10000) in paragraph at lines 95--99

 []

) (./sections/datenerfassung/Datenverarbeitung.tex [20 <./resources/images//DBErweitert.png>]
<resources/images//HealthStatus.png, id=476, 146.5475pt x 201.75375pt>
File: resources/images//HealthStatus.png Graphic file (type png)
<use resources/images//HealthStatus.png>
Package pdftex.def Info: resources/images//HealthStatus.png  used on input line 9.
(pdftex.def)             Requested size: 91.04742pt x 125.34462pt.
<resources/images//FLXMTBFPrediction.png, id=478, 691.58376pt x 713.66624pt>
File: resources/images//FLXMTBFPrediction.png Graphic file (type png)
<use resources/images//FLXMTBFPrediction.png>
Package pdftex.def Info: resources/images//FLXMTBFPrediction.png  used on input line 25.
(pdftex.def)             Requested size: 136.57462pt x 140.93391pt.

Underfull \hbox (badness 10000) in paragraph at lines 31--35

 []

[21 <./resources/images//HealthStatus.png> <./resources/images//FLXMTBFPrediction.png>]
<resources/images//FLXSensorPlatzierung.png, id=499, 1351.0475pt x 1171.37625pt>
File: resources/images//FLXSensorPlatzierung.png Graphic file (type png)
<use resources/images//FLXSensorPlatzierung.png>
Package pdftex.def Info: resources/images//FLXSensorPlatzierung.png  used on input line 38.
(pdftex.def)             Requested size: 318.66948pt x 276.29225pt.

Overfull \hbox (13.0527pt too wide) in paragraph at lines 44--44
[][][]\T1/cmr/m/n/12 Temperatur 
 []


Overfull \hbox (13.0527pt too wide) in paragraph at lines 44--44
[][][]\T1/cmr/m/n/12 Temperatur 
 []

[22 <./resources/images//FLXSensorPlatzierung.png>]) [23]
Overfull \hbox (0.78674pt too wide) in paragraph at lines 84--84
[]\T1/cmr/m/n/12 M. G-ter-mann, ^^R  Condition-based Mo-ni-to-ring fr in-dus-tri-el-le PC's^^P, Pep-perl + Fuchs
 []

LaTeX Font Info:    Trying to load font information for T1+cmtt on input line 84.
(/usr/local/texlive/2021/texmf-dist/tex/latex/base/t1cmtt.fd
File: t1cmtt.fd 2019/12/16 v2.5j Standard LaTeX font definitions
)
Overfull \hbox (3.71236pt too wide) in paragraph at lines 84--84
\T1/cmr/m/n/12 2010 bis 2022 und Pro-gno-se bis 2027^^P. (2023), Adres-se: [][]$\T1/cmtt/m/n/12 %7Bhttps : / / datascientest .
 []


Overfull \hbox (26.97194pt too wide) in paragraph at lines 84--84
[]\T1/cmr/m/n/12 ^^R  SQL ^^U Al-les ber die Da-ten-bank-spra-che^^P. (2023), Adres-se: [][]$\T1/cmtt/m/n/12 %7Bhttps : / / datascientest .
 []

[24

]pdfTeX warning (ext4): destination with the same identifier (name{page.I}) has been already used, duplicate ignored
<to be read again> 
                   \relax 
l.88 \include{sections/appendix/appendix.tex}
                                              [1]
\openout2 = `sections/appendix/appendix.aux'.

 (./sections/appendix/appendix.tex
<sections/appendix/ELIT-3922-3965U_MTBF.PDF, id=544, 614.295pt x 794.97pt>
File: sections/appendix/ELIT-3922-3965U_MTBF.PDF Graphic file (type pdf)
<use sections/appendix/ELIT-3922-3965U_MTBF.PDF>
Package pdftex.def Info: sections/appendix/ELIT-3922-3965U_MTBF.PDF  used on input line 11.
(pdftex.def)             Requested size: 614.29349pt x 794.96806pt.
File: sections/appendix/ELIT-3922-3965U_MTBF.PDF Graphic file (type pdf)
<use sections/appendix/ELIT-3922-3965U_MTBF.PDF>
Package pdftex.def Info: sections/appendix/ELIT-3922-3965U_MTBF.PDF  used on input line 11.
(pdftex.def)             Requested size: 614.29349pt x 794.96806pt.
<sections/appendix/ELIT-3922-3965U_MTBF.PDF, id=547, page=1, 614.295pt x 794.97pt>
File: sections/appendix/ELIT-3922-3965U_MTBF.PDF Graphic file (type pdf)
<use sections/appendix/ELIT-3922-3965U_MTBF.PDF, page 1>
Package pdftex.def Info: sections/appendix/ELIT-3922-3965U_MTBF.PDF , page1 used on input line 11.
(pdftex.def)             Requested size: 614.29349pt x 794.96806pt.
File: sections/appendix/ELIT-3922-3965U_MTBF.PDF Graphic file (type pdf)
<use sections/appendix/ELIT-3922-3965U_MTBF.PDF, page 1>
Package pdftex.def Info: sections/appendix/ELIT-3922-3965U_MTBF.PDF , page1 used on input line 11.
(pdftex.def)             Requested size: 491.43666pt x 635.97687pt.
File: sections/appendix/ELIT-3922-3965U_MTBF.PDF Graphic file (type pdf)
<use sections/appendix/ELIT-3922-3965U_MTBF.PDF, page 1>
Package pdftex.def Info: sections/appendix/ELIT-3922-3965U_MTBF.PDF , page1 used on input line 11.
(pdftex.def)             Requested size: 491.43666pt x 635.97687pt.
File: sections/appendix/ELIT-3922-3965U_MTBF.PDF Graphic file (type pdf)
<use sections/appendix/ELIT-3922-3965U_MTBF.PDF, page 1>
Package pdftex.def Info: sections/appendix/ELIT-3922-3965U_MTBF.PDF , page1 used on input line 11.
(pdftex.def)             Requested size: 491.43666pt x 635.97687pt.
pdfTeX warning (ext4): destination with the same identifier (name{page.II}) has been already used, duplicate ignored
<to be read again> 
                   \relax 
l.11 ]{sections/appendix/ELIT-3922-3965U_MTBF.PDF}
                                                  
File: sections/appendix/ELIT-3922-3965U_MTBF.PDF Graphic file (type pdf)
<use sections/appendix/ELIT-3922-3965U_MTBF.PDF, page 1>
Package pdftex.def Info: sections/appendix/ELIT-3922-3965U_MTBF.PDF , page1 used on input line 11.
(pdftex.def)             Requested size: 491.43666pt x 635.97687pt.
 [2

 <./sections/appendix/ELIT-3922-3965U_MTBF.PDF>]
<sections/appendix/ELIT-3922-3965U_MTBF.PDF, id=592, page=2, 614.295pt x 794.97pt>
File: sections/appendix/ELIT-3922-3965U_MTBF.PDF Graphic file (type pdf)
<use sections/appendix/ELIT-3922-3965U_MTBF.PDF, page 2>
Package pdftex.def Info: sections/appendix/ELIT-3922-3965U_MTBF.PDF , page2 used on input line 11.
(pdftex.def)             Requested size: 491.43666pt x 635.97687pt.
File: sections/appendix/ELIT-3922-3965U_MTBF.PDF Graphic file (type pdf)
<use sections/appendix/ELIT-3922-3965U_MTBF.PDF, page 2>
Package pdftex.def Info: sections/appendix/ELIT-3922-3965U_MTBF.PDF , page2 used on input line 11.
(pdftex.def)             Requested size: 491.43666pt x 635.97687pt.
pdfTeX warning (ext4): destination with the same identifier (name{page.III}) has been already used, duplicate ignored
<to be read again> 
                   \relax 
l.11 ]{sections/appendix/ELIT-3922-3965U_MTBF.PDF}
                                                  
File: sections/appendix/ELIT-3922-3965U_MTBF.PDF Graphic file (type pdf)
<use sections/appendix/ELIT-3922-3965U_MTBF.PDF, page 2>
Package pdftex.def Info: sections/appendix/ELIT-3922-3965U_MTBF.PDF , page2 used on input line 11.
(pdftex.def)             Requested size: 491.43666pt x 635.97687pt.
 [3 <./sections/appendix/ELIT-3922-3965U_MTBF.PDF>]
<sections/appendix/ELIT-3922-3965U_MTBF.PDF, id=603, page=3, 614.295pt x 794.97pt>
File: sections/appendix/ELIT-3922-3965U_MTBF.PDF Graphic file (type pdf)
<use sections/appendix/ELIT-3922-3965U_MTBF.PDF, page 3>
Package pdftex.def Info: sections/appendix/ELIT-3922-3965U_MTBF.PDF , page3 used on input line 11.
(pdftex.def)             Requested size: 491.43666pt x 635.97687pt.
File: sections/appendix/ELIT-3922-3965U_MTBF.PDF Graphic file (type pdf)
<use sections/appendix/ELIT-3922-3965U_MTBF.PDF, page 3>
Package pdftex.def Info: sections/appendix/ELIT-3922-3965U_MTBF.PDF , page3 used on input line 11.
(pdftex.def)             Requested size: 491.43666pt x 635.97687pt.
pdfTeX warning (ext4): destination with the same identifier (name{page.IV}) has been already used, duplicate ignored
<to be read again> 
                   \relax 
l.11 ]{sections/appendix/ELIT-3922-3965U_MTBF.PDF}
                                                  
File: sections/appendix/ELIT-3922-3965U_MTBF.PDF Graphic file (type pdf)
<use sections/appendix/ELIT-3922-3965U_MTBF.PDF, page 3>
Package pdftex.def Info: sections/appendix/ELIT-3922-3965U_MTBF.PDF , page3 used on input line 11.
(pdftex.def)             Requested size: 491.43666pt x 635.97687pt.
 [4 <./sections/appendix/ELIT-3922-3965U_MTBF.PDF>]
<sections/appendix/ELIT-3922-3965U_MTBF.PDF, id=607, page=4, 614.295pt x 794.97pt>
File: sections/appendix/ELIT-3922-3965U_MTBF.PDF Graphic file (type pdf)
<use sections/appendix/ELIT-3922-3965U_MTBF.PDF, page 4>
Package pdftex.def Info: sections/appendix/ELIT-3922-3965U_MTBF.PDF , page4 used on input line 11.
(pdftex.def)             Requested size: 491.43666pt x 635.97687pt.
File: sections/appendix/ELIT-3922-3965U_MTBF.PDF Graphic file (type pdf)
<use sections/appendix/ELIT-3922-3965U_MTBF.PDF, page 4>
Package pdftex.def Info: sections/appendix/ELIT-3922-3965U_MTBF.PDF , page4 used on input line 11.
(pdftex.def)             Requested size: 491.43666pt x 635.97687pt.
pdfTeX warning (ext4): destination with the same identifier (name{page.V}) has been already used, duplicate ignored
<to be read again> 
                   \relax 
l.11 ]{sections/appendix/ELIT-3922-3965U_MTBF.PDF}
                                                  
File: sections/appendix/ELIT-3922-3965U_MTBF.PDF Graphic file (type pdf)
<use sections/appendix/ELIT-3922-3965U_MTBF.PDF, page 4>
Package pdftex.def Info: sections/appendix/ELIT-3922-3965U_MTBF.PDF , page4 used on input line 11.
(pdftex.def)             Requested size: 491.43666pt x 635.97687pt.
 [5 <./sections/appendix/ELIT-3922-3965U_MTBF.PDF>]
<sections/appendix/ELIT-3922-3965U_MTBF.PDF, id=611, page=5, 614.295pt x 794.97pt>
File: sections/appendix/ELIT-3922-3965U_MTBF.PDF Graphic file (type pdf)
<use sections/appendix/ELIT-3922-3965U_MTBF.PDF, page 5>
Package pdftex.def Info: sections/appendix/ELIT-3922-3965U_MTBF.PDF , page5 used on input line 11.
(pdftex.def)             Requested size: 491.43666pt x 635.97687pt.
File: sections/appendix/ELIT-3922-3965U_MTBF.PDF Graphic file (type pdf)
<use sections/appendix/ELIT-3922-3965U_MTBF.PDF, page 5>
Package pdftex.def Info: sections/appendix/ELIT-3922-3965U_MTBF.PDF , page5 used on input line 11.
(pdftex.def)             Requested size: 491.43666pt x 635.97687pt.
pdfTeX warning (ext4): destination with the same identifier (name{page.VI}) has been already used, duplicate ignored
<to be read again> 
                   \relax 
l.11 ]{sections/appendix/ELIT-3922-3965U_MTBF.PDF}
                                                  
File: sections/appendix/ELIT-3922-3965U_MTBF.PDF Graphic file (type pdf)
<use sections/appendix/ELIT-3922-3965U_MTBF.PDF, page 5>
Package pdftex.def Info: sections/appendix/ELIT-3922-3965U_MTBF.PDF , page5 used on input line 11.
(pdftex.def)             Requested size: 491.43666pt x 635.97687pt.
 [6 <./sections/appendix/ELIT-3922-3965U_MTBF.PDF>]
<sections/appendix/ELIT-3922-3965U_MTBF.PDF, id=615, page=6, 614.295pt x 794.97pt>
File: sections/appendix/ELIT-3922-3965U_MTBF.PDF Graphic file (type pdf)
<use sections/appendix/ELIT-3922-3965U_MTBF.PDF, page 6>
Package pdftex.def Info: sections/appendix/ELIT-3922-3965U_MTBF.PDF , page6 used on input line 11.
(pdftex.def)             Requested size: 491.43666pt x 635.97687pt.
File: sections/appendix/ELIT-3922-3965U_MTBF.PDF Graphic file (type pdf)
<use sections/appendix/ELIT-3922-3965U_MTBF.PDF, page 6>
Package pdftex.def Info: sections/appendix/ELIT-3922-3965U_MTBF.PDF , page6 used on input line 11.
(pdftex.def)             Requested size: 491.43666pt x 635.97687pt.
pdfTeX warning (ext4): destination with the same identifier (name{page.VII}) has been already used, duplicate ignored
<to be read again> 
                   \relax 
l.11 ]{sections/appendix/ELIT-3922-3965U_MTBF.PDF}
                                                  
File: sections/appendix/ELIT-3922-3965U_MTBF.PDF Graphic file (type pdf)
<use sections/appendix/ELIT-3922-3965U_MTBF.PDF, page 6>
Package pdftex.def Info: sections/appendix/ELIT-3922-3965U_MTBF.PDF , page6 used on input line 11.
(pdftex.def)             Requested size: 491.43666pt x 635.97687pt.
 [7 <./sections/appendix/ELIT-3922-3965U_MTBF.PDF>]
<sections/appendix/ELIT-3922-3965U_MTBF.PDF, id=619, page=7, 614.295pt x 794.97pt>
File: sections/appendix/ELIT-3922-3965U_MTBF.PDF Graphic file (type pdf)
<use sections/appendix/ELIT-3922-3965U_MTBF.PDF, page 7>
Package pdftex.def Info: sections/appendix/ELIT-3922-3965U_MTBF.PDF , page7 used on input line 11.
(pdftex.def)             Requested size: 491.43666pt x 635.97687pt.
File: sections/appendix/ELIT-3922-3965U_MTBF.PDF Graphic file (type pdf)
<use sections/appendix/ELIT-3922-3965U_MTBF.PDF, page 7>
Package pdftex.def Info: sections/appendix/ELIT-3922-3965U_MTBF.PDF , page7 used on input line 11.
(pdftex.def)             Requested size: 491.43666pt x 635.97687pt.
File: sections/appendix/ELIT-3922-3965U_MTBF.PDF Graphic file (type pdf)
<use sections/appendix/ELIT-3922-3965U_MTBF.PDF, page 7>
Package pdftex.def Info: sections/appendix/ELIT-3922-3965U_MTBF.PDF , page7 used on input line 11.
(pdftex.def)             Requested size: 491.43666pt x 635.97687pt.
 [8 <./sections/appendix/ELIT-3922-3965U_MTBF.PDF>]
<sections/appendix/ELIT-3922-3965U_MTBF.PDF, id=624, page=8, 614.295pt x 794.97pt>
File: sections/appendix/ELIT-3922-3965U_MTBF.PDF Graphic file (type pdf)
<use sections/appendix/ELIT-3922-3965U_MTBF.PDF, page 8>
Package pdftex.def Info: sections/appendix/ELIT-3922-3965U_MTBF.PDF , page8 used on input line 11.
(pdftex.def)             Requested size: 491.43666pt x 635.97687pt.
File: sections/appendix/ELIT-3922-3965U_MTBF.PDF Graphic file (type pdf)
<use sections/appendix/ELIT-3922-3965U_MTBF.PDF, page 8>
Package pdftex.def Info: sections/appendix/ELIT-3922-3965U_MTBF.PDF , page8 used on input line 11.
(pdftex.def)             Requested size: 491.43666pt x 635.97687pt.
File: sections/appendix/ELIT-3922-3965U_MTBF.PDF Graphic file (type pdf)
<use sections/appendix/ELIT-3922-3965U_MTBF.PDF, page 8>
Package pdftex.def Info: sections/appendix/ELIT-3922-3965U_MTBF.PDF , page8 used on input line 11.
(pdftex.def)             Requested size: 491.43666pt x 635.97687pt.
 [9 <./sections/appendix/ELIT-3922-3965U_MTBF.PDF>]
<sections/appendix/ELIT-3922-3965U_MTBF.PDF, id=630, page=9, 614.295pt x 794.97pt>
File: sections/appendix/ELIT-3922-3965U_MTBF.PDF Graphic file (type pdf)
<use sections/appendix/ELIT-3922-3965U_MTBF.PDF, page 9>
Package pdftex.def Info: sections/appendix/ELIT-3922-3965U_MTBF.PDF , page9 used on input line 11.
(pdftex.def)             Requested size: 491.43666pt x 635.97687pt.
File: sections/appendix/ELIT-3922-3965U_MTBF.PDF Graphic file (type pdf)
<use sections/appendix/ELIT-3922-3965U_MTBF.PDF, page 9>
Package pdftex.def Info: sections/appendix/ELIT-3922-3965U_MTBF.PDF , page9 used on input line 11.
(pdftex.def)             Requested size: 491.43666pt x 635.97687pt.
File: sections/appendix/ELIT-3922-3965U_MTBF.PDF Graphic file (type pdf)
<use sections/appendix/ELIT-3922-3965U_MTBF.PDF, page 9>
Package pdftex.def Info: sections/appendix/ELIT-3922-3965U_MTBF.PDF , page9 used on input line 11.
(pdftex.def)             Requested size: 491.43666pt x 635.97687pt.
 [10 <./sections/appendix/ELIT-3922-3965U_MTBF.PDF>]
<sections/appendix/ELIT-3922-3965U_MTBF.PDF, id=635, page=10, 614.295pt x 794.97pt>
File: sections/appendix/ELIT-3922-3965U_MTBF.PDF Graphic file (type pdf)
<use sections/appendix/ELIT-3922-3965U_MTBF.PDF, page 10>
Package pdftex.def Info: sections/appendix/ELIT-3922-3965U_MTBF.PDF , page10 used on input line 11.
(pdftex.def)             Requested size: 491.43666pt x 635.97687pt.
File: sections/appendix/ELIT-3922-3965U_MTBF.PDF Graphic file (type pdf)
<use sections/appendix/ELIT-3922-3965U_MTBF.PDF, page 10>
Package pdftex.def Info: sections/appendix/ELIT-3922-3965U_MTBF.PDF , page10 used on input line 11.
(pdftex.def)             Requested size: 491.43666pt x 635.97687pt.
File: sections/appendix/ELIT-3922-3965U_MTBF.PDF Graphic file (type pdf)
<use sections/appendix/ELIT-3922-3965U_MTBF.PDF, page 10>
Package pdftex.def Info: sections/appendix/ELIT-3922-3965U_MTBF.PDF , page10 used on input line 11.
(pdftex.def)             Requested size: 491.43666pt x 635.97687pt.
 [11 <./sections/appendix/ELIT-3922-3965U_MTBF.PDF>]
<sections/appendix/ELIT-3922-3965U_MTBF.PDF, id=640, page=11, 614.295pt x 794.97pt>
File: sections/appendix/ELIT-3922-3965U_MTBF.PDF Graphic file (type pdf)
<use sections/appendix/ELIT-3922-3965U_MTBF.PDF, page 11>
Package pdftex.def Info: sections/appendix/ELIT-3922-3965U_MTBF.PDF , page11 used on input line 11.
(pdftex.def)             Requested size: 491.43666pt x 635.97687pt.
File: sections/appendix/ELIT-3922-3965U_MTBF.PDF Graphic file (type pdf)
<use sections/appendix/ELIT-3922-3965U_MTBF.PDF, page 11>
Package pdftex.def Info: sections/appendix/ELIT-3922-3965U_MTBF.PDF , page11 used on input line 11.
(pdftex.def)             Requested size: 491.43666pt x 635.97687pt.
File: sections/appendix/ELIT-3922-3965U_MTBF.PDF Graphic file (type pdf)
<use sections/appendix/ELIT-3922-3965U_MTBF.PDF, page 11>
Package pdftex.def Info: sections/appendix/ELIT-3922-3965U_MTBF.PDF , page11 used on input line 11.
(pdftex.def)             Requested size: 491.43666pt x 635.97687pt.
 [12 <./sections/appendix/ELIT-3922-3965U_MTBF.PDF>]
<sections/appendix/ELIT-3922-3965U_MTBF.PDF, id=645, page=12, 614.295pt x 794.97pt>
File: sections/appendix/ELIT-3922-3965U_MTBF.PDF Graphic file (type pdf)
<use sections/appendix/ELIT-3922-3965U_MTBF.PDF, page 12>
Package pdftex.def Info: sections/appendix/ELIT-3922-3965U_MTBF.PDF , page12 used on input line 11.
(pdftex.def)             Requested size: 491.43666pt x 635.97687pt.
File: sections/appendix/ELIT-3922-3965U_MTBF.PDF Graphic file (type pdf)
<use sections/appendix/ELIT-3922-3965U_MTBF.PDF, page 12>
Package pdftex.def Info: sections/appendix/ELIT-3922-3965U_MTBF.PDF , page12 used on input line 11.
(pdftex.def)             Requested size: 491.43666pt x 635.97687pt.
File: sections/appendix/ELIT-3922-3965U_MTBF.PDF Graphic file (type pdf)
<use sections/appendix/ELIT-3922-3965U_MTBF.PDF, page 12>
Package pdftex.def Info: sections/appendix/ELIT-3922-3965U_MTBF.PDF , page12 used on input line 11.
(pdftex.def)             Requested size: 491.43666pt x 635.97687pt.
 [13 <./sections/appendix/ELIT-3922-3965U_MTBF.PDF>]
<sections/appendix/ELIT-3922-3965U_MTBF.PDF, id=650, page=13, 614.295pt x 794.97pt>
File: sections/appendix/ELIT-3922-3965U_MTBF.PDF Graphic file (type pdf)
<use sections/appendix/ELIT-3922-3965U_MTBF.PDF, page 13>
Package pdftex.def Info: sections/appendix/ELIT-3922-3965U_MTBF.PDF , page13 used on input line 11.
(pdftex.def)             Requested size: 491.43666pt x 635.97687pt.
File: sections/appendix/ELIT-3922-3965U_MTBF.PDF Graphic file (type pdf)
<use sections/appendix/ELIT-3922-3965U_MTBF.PDF, page 13>
Package pdftex.def Info: sections/appendix/ELIT-3922-3965U_MTBF.PDF , page13 used on input line 11.
(pdftex.def)             Requested size: 491.43666pt x 635.97687pt.
File: sections/appendix/ELIT-3922-3965U_MTBF.PDF Graphic file (type pdf)
<use sections/appendix/ELIT-3922-3965U_MTBF.PDF, page 13>
Package pdftex.def Info: sections/appendix/ELIT-3922-3965U_MTBF.PDF , page13 used on input line 11.
(pdftex.def)             Requested size: 491.43666pt x 635.97687pt.
 [14 <./sections/appendix/ELIT-3922-3965U_MTBF.PDF>]) (/Users/vitalimostowoj/Desktop/BA_VM/build-files/template.aux (/Users/vitalimostowoj/Desktop/BA_VM/build-files/sections/defaults/title/title.aux) (/Users/vitalimostowoj/Desktop/BA_VM/build-files/sections/defaults/blocking-notice/blocking-notice-it.aux) (/Users/vitalimostowoj/Desktop/BA_VM/build-files/sections/defaults/personal-contribution/personal-contribution.aux) (/Users/vitalimostowoj/Desktop/BA_VM/build-files/sections/abstract/abstract-ger.aux) (/Users/vitalimostowoj/Desktop/BA_VM/build-files/resources/directories/acronyms.aux) (/Users/vitalimostowoj/Desktop/BA_VM/build-files/sections/einleitung/Einleitung.aux) (/Users/vitalimostowoj/Desktop/BA_VM/build-files/sections/appendix/appendix.aux))

LaTeX Warning: There were undefined references.


LaTeX Warning: There were multiply-defined labels.

Package rerunfilecheck Info: File `template.out' has not changed.
(rerunfilecheck)             Checksum: D41D8CD98F00B204E9800998ECF8427E;0.
Package logreq Info: Writing requests to 'template.run.xml'.
\openout1 = `template.run.xml'.

 ) 
Here is how much of TeX's memory you used:
 41431 strings out of 478994
 814210 string characters out of 5858184
 1753057 words of memory out of 5000000
 57957 multiletter control sequences out of 15000+600000
 418967 words of font info for 61 fonts, out of 8000000 for 9000
 1143 hyphenation exceptions out of 8191
 133i,20n,134p,10639b,2730s stack positions out of 5000i,500n,10000p,200000b,80000s
{/usr/local/texlive/2021/texmf-dist/fonts/enc/dvips/cm-super/cm-super-t1.enc}{/usr/local/texlive/2021/texmf-dist/fonts/enc/dvips/cm-super/cm-super-ts1.enc}</usr/local/texlive/2021/texmf-dist/fonts/type1/public/amsfonts/cm/cmmi12.pfb></usr/local/texlive/2021/texmf-dist/fonts/type1/public/amsfonts/cm/cmmi6.pfb></usr/local/texlive/2021/texmf-dist/fonts/type1/public/amsfonts/cm/cmr12.pfb></usr/local/texlive/2021/texmf-dist/fonts/type1/public/amsfonts/cm/cmsy8.pfb></usr/local/texlive/2021/texmf-dist/fonts/type1/public/cm-super/sfbx1200.pfb></usr/local/texlive/2021/texmf-dist/fonts/type1/public/cm-super/sfcc1200.pfb></usr/local/texlive/2021/texmf-dist/fonts/type1/public/cm-super/sfrm0600.pfb></usr/local/texlive/2021/texmf-dist/fonts/type1/public/cm-super/sfrm1200.pfb></usr/local/texlive/2021/texmf-dist/fonts/type1/public/cm-super/sfrm1440.pfb></usr/local/texlive/2021/texmf-dist/fonts/type1/public/cm-super/sfsl1200.pfb></usr/local/texlive/2021/texmf-dist/fonts/type1/public/cm-super/sfsx1200.pfb></usr/local/texlive/2021/texmf-dist/fonts/type1/public/cm-super/sfsx1440.pfb></usr/local/texlive/2021/texmf-dist/fonts/type1/public/cm-super/sfsx1728.pfb></usr/local/texlive/2021/texmf-dist/fonts/type1/public/cm-super/sfsx2488.pfb></usr/local/texlive/2021/texmf-dist/fonts/type1/public/cm-super/sfti1200.pfb></usr/local/texlive/2021/texmf-dist/fonts/type1/public/cm-super/sftt1200.pfb>
Output written on /Users/vitalimostowoj/Desktop/BA_VM/build-files/template.pdf (48 pages, 2987438 bytes).
PDF statistics:
 850 PDF objects out of 1000 (max. 8388607)
 685 compressed objects within 7 object streams
 147 named destinations out of 1000 (max. 500000)
 545 words of extra memory for PDF output out of 10000 (max. 10000000)

